{"C:\\Users\\DHIRAJ\\Downloads\\rentAll\\rentAll-1-21\\backend\\utils\\apiFeatures.js":{"path":"C:\\Users\\DHIRAJ\\Downloads\\rentAll\\rentAll-1-21\\backend\\utils\\apiFeatures.js","statementMap":{"0":{"start":{"line":3,"column":49},"end":{"line":3,"column":316}},"1":{"start":{"line":3,"column":149},"end":{"line":3,"column":165}},"2":{"start":{"line":3,"column":185},"end":{"line":3,"column":301}},"3":{"start":{"line":4,"column":33},"end":{"line":4,"column":47}},"4":{"start":{"line":4,"column":49},"end":{"line":4,"column":243}},"5":{"start":{"line":4,"column":93},"end":{"line":4,"column":124}},"6":{"start":{"line":4,"column":126},"end":{"line":4,"column":241}},"7":{"start":{"line":4,"column":160},"end":{"line":4,"column":216}},"8":{"start":{"line":4,"column":244},"end":{"line":4,"column":253}},"9":{"start":{"line":5,"column":28},"end":{"line":5,"column":427}},"10":{"start":{"line":5,"column":41},"end":{"line":5,"column":42}},"11":{"start":{"line":5,"column":81},"end":{"line":5,"column":121}},"12":{"start":{"line":5,"column":123},"end":{"line":5,"column":425}},"13":{"start":{"line":5,"column":177},"end":{"line":5,"column":205}},"14":{"start":{"line":5,"column":354},"end":{"line":5,"column":421}},"15":{"start":{"line":5,"column":428},"end":{"line":5,"column":437}},"16":{"start":{"line":6,"column":44},"end":{"line":6,"column":70}},"17":{"start":{"line":6,"column":71},"end":{"line":6,"column":222}},"18":{"start":{"line":6,"column":89},"end":{"line":6,"column":193}},"19":{"start":{"line":6,"column":203},"end":{"line":6,"column":220}},"20":{"start":{"line":6,"column":223},"end":{"line":6,"column":234}},"21":{"start":{"line":7,"column":50},"end":{"line":7,"column":151}},"22":{"start":{"line":7,"column":92},"end":{"line":7,"column":149}},"23":{"start":{"line":8,"column":44},"end":{"line":8,"column":331}},"24":{"start":{"line":8,"column":57},"end":{"line":8,"column":58}},"25":{"start":{"line":8,"column":102},"end":{"line":8,"column":110}},"26":{"start":{"line":8,"column":112},"end":{"line":8,"column":167}},"27":{"start":{"line":8,"column":168},"end":{"line":8,"column":199}},"28":{"start":{"line":8,"column":200},"end":{"line":8,"column":254}},"29":{"start":{"line":8,"column":227},"end":{"line":8,"column":254}},"30":{"start":{"line":8,"column":255},"end":{"line":8,"column":329}},"31":{"start":{"line":9,"column":62},"end":{"line":9,"column":131}},"32":{"start":{"line":9,"column":78},"end":{"line":9,"column":131}},"33":{"start":{"line":9,"column":132},"end":{"line":9,"column":193}},"34":{"start":{"line":9,"column":149},"end":{"line":9,"column":193}},"35":{"start":{"line":9,"column":194},"end":{"line":9,"column":263}},"36":{"start":{"line":9,"column":264},"end":{"line":9,"column":283}},"37":{"start":{"line":10,"column":37},"end":{"line":10,"column":62}},"38":{"start":{"line":10,"column":64},"end":{"line":10,"column":107}},"39":{"start":{"line":11,"column":30},"end":{"line":11,"column":73}},"40":{"start":{"line":11,"column":64},"end":{"line":11,"column":73}},"41":{"start":{"line":11,"column":82},"end":{"line":11,"column":103}},"42":{"start":{"line":11,"column":105},"end":{"line":11,"column":268}},"43":{"start":{"line":11,"column":133},"end":{"line":11,"column":158}},"44":{"start":{"line":11,"column":160},"end":{"line":11,"column":197}},"45":{"start":{"line":11,"column":188},"end":{"line":11,"column":197}},"46":{"start":{"line":11,"column":198},"end":{"line":11,"column":266}},"47":{"start":{"line":11,"column":269},"end":{"line":11,"column":314}},"48":{"start":{"line":12,"column":31},"end":{"line":69,"column":3}},"49":{"start":{"line":14,"column":4},"end":{"line":14,"column":39}},"50":{"start":{"line":15,"column":4},"end":{"line":15,"column":23}},"51":{"start":{"line":16,"column":4},"end":{"line":16,"column":29}},"52":{"start":{"line":20,"column":2},"end":{"line":68,"column":6}},"53":{"start":{"line":23,"column":20},"end":{"line":35,"column":12}},"54":{"start":{"line":36,"column":6},"end":{"line":36,"column":63}},"55":{"start":{"line":37,"column":6},"end":{"line":37,"column":18}},"56":{"start":{"line":42,"column":22},"end":{"line":44,"column":12}},"57":{"start":{"line":45,"column":6},"end":{"line":45,"column":65}},"58":{"start":{"line":46,"column":6},"end":{"line":46,"column":18}},"59":{"start":{"line":52,"column":25},"end":{"line":52,"column":57}},"60":{"start":{"line":55,"column":25},"end":{"line":55,"column":53}},"61":{"start":{"line":56,"column":6},"end":{"line":58,"column":9}},"62":{"start":{"line":57,"column":8},"end":{"line":57,"column":40}},"63":{"start":{"line":61,"column":21},"end":{"line":61,"column":49}},"64":{"start":{"line":62,"column":6},"end":{"line":64,"column":9}},"65":{"start":{"line":63,"column":8},"end":{"line":63,"column":31}},"66":{"start":{"line":65,"column":6},"end":{"line":65,"column":57}},"67":{"start":{"line":66,"column":6},"end":{"line":66,"column":18}},"68":{"start":{"line":70,"column":0},"end":{"line":70,"column":29}}},"fnMap":{"0":{"name":"_typeof","decl":{"start":{"line":3,"column":9},"end":{"line":3,"column":16}},"loc":{"start":{"line":3,"column":20},"end":{"line":3,"column":318}},"line":3},"1":{"name":"(anonymous_1)","decl":{"start":{"line":3,"column":134},"end":{"line":3,"column":135}},"loc":{"start":{"line":3,"column":147},"end":{"line":3,"column":167}},"line":3},"2":{"name":"(anonymous_2)","decl":{"start":{"line":3,"column":170},"end":{"line":3,"column":171}},"loc":{"start":{"line":3,"column":183},"end":{"line":3,"column":303}},"line":3},"3":{"name":"ownKeys","decl":{"start":{"line":4,"column":9},"end":{"line":4,"column":16}},"loc":{"start":{"line":4,"column":23},"end":{"line":4,"column":255}},"line":4},"4":{"name":"(anonymous_4)","decl":{"start":{"line":4,"column":145},"end":{"line":4,"column":146}},"loc":{"start":{"line":4,"column":158},"end":{"line":4,"column":218}},"line":4},"5":{"name":"_objectSpread","decl":{"start":{"line":5,"column":9},"end":{"line":5,"column":22}},"loc":{"start":{"line":5,"column":26},"end":{"line":5,"column":439}},"line":5},"6":{"name":"(anonymous_6)","decl":{"start":{"line":5,"column":162},"end":{"line":5,"column":163}},"loc":{"start":{"line":5,"column":175},"end":{"line":5,"column":207}},"line":5},"7":{"name":"(anonymous_7)","decl":{"start":{"line":5,"column":339},"end":{"line":5,"column":340}},"loc":{"start":{"line":5,"column":352},"end":{"line":5,"column":423}},"line":5},"8":{"name":"_defineProperty","decl":{"start":{"line":6,"column":9},"end":{"line":6,"column":24}},"loc":{"start":{"line":6,"column":42},"end":{"line":6,"column":236}},"line":6},"9":{"name":"_classCallCheck","decl":{"start":{"line":7,"column":9},"end":{"line":7,"column":24}},"loc":{"start":{"line":7,"column":48},"end":{"line":7,"column":153}},"line":7},"10":{"name":"_defineProperties","decl":{"start":{"line":8,"column":9},"end":{"line":8,"column":26}},"loc":{"start":{"line":8,"column":42},"end":{"line":8,"column":333}},"line":8},"11":{"name":"_createClass","decl":{"start":{"line":9,"column":9},"end":{"line":9,"column":21}},"loc":{"start":{"line":9,"column":60},"end":{"line":9,"column":285}},"line":9},"12":{"name":"_toPropertyKey","decl":{"start":{"line":10,"column":9},"end":{"line":10,"column":23}},"loc":{"start":{"line":10,"column":27},"end":{"line":10,"column":109}},"line":10},"13":{"name":"_toPrimitive","decl":{"start":{"line":11,"column":9},"end":{"line":11,"column":21}},"loc":{"start":{"line":11,"column":28},"end":{"line":11,"column":316}},"line":11},"14":{"name":"(anonymous_14)","decl":{"start":{"line":12,"column":31},"end":{"line":12,"column":32}},"loc":{"start":{"line":12,"column":43},"end":{"line":69,"column":1}},"line":12},"15":{"name":"ApiFeatures","decl":{"start":{"line":13,"column":11},"end":{"line":13,"column":22}},"loc":{"start":{"line":13,"column":40},"end":{"line":17,"column":3}},"line":13},"16":{"name":"search","decl":{"start":{"line":22,"column":20},"end":{"line":22,"column":26}},"loc":{"start":{"line":22,"column":29},"end":{"line":38,"column":5}},"line":22},"17":{"name":"condition","decl":{"start":{"line":41,"column":20},"end":{"line":41,"column":29}},"loc":{"start":{"line":41,"column":32},"end":{"line":47,"column":5}},"line":41},"18":{"name":"filter","decl":{"start":{"line":51,"column":20},"end":{"line":51,"column":26}},"loc":{"start":{"line":51,"column":29},"end":{"line":67,"column":5}},"line":51},"19":{"name":"(anonymous_19)","decl":{"start":{"line":56,"column":27},"end":{"line":56,"column":28}},"loc":{"start":{"line":56,"column":42},"end":{"line":58,"column":7}},"line":56},"20":{"name":"(anonymous_20)","decl":{"start":{"line":62,"column":58},"end":{"line":62,"column":59}},"loc":{"start":{"line":62,"column":73},"end":{"line":64,"column":7}},"line":62}},"branchMap":{"0":{"loc":{"start":{"line":3,"column":66},"end":{"line":3,"column":303}},"type":"cond-expr","locations":[{"start":{"line":3,"column":134},"end":{"line":3,"column":167}},{"start":{"line":3,"column":170},"end":{"line":3,"column":303}}],"line":3},"1":{"loc":{"start":{"line":3,"column":66},"end":{"line":3,"column":131}},"type":"binary-expr","locations":[{"start":{"line":3,"column":66},"end":{"line":3,"column":93}},{"start":{"line":3,"column":97},"end":{"line":3,"column":131}}],"line":3},"2":{"loc":{"start":{"line":3,"column":192},"end":{"line":3,"column":300}},"type":"cond-expr","locations":[{"start":{"line":3,"column":281},"end":{"line":3,"column":289}},{"start":{"line":3,"column":292},"end":{"line":3,"column":300}}],"line":3},"3":{"loc":{"start":{"line":3,"column":192},"end":{"line":3,"column":278}},"type":"binary-expr","locations":[{"start":{"line":3,"column":192},"end":{"line":3,"column":193}},{"start":{"line":3,"column":197},"end":{"line":3,"column":224}},{"start":{"line":3,"column":228},"end":{"line":3,"column":252}},{"start":{"line":3,"column":256},"end":{"line":3,"column":278}}],"line":3},"4":{"loc":{"start":{"line":4,"column":49},"end":{"line":4,"column":243}},"type":"if","locations":[{"start":{"line":4,"column":49},"end":{"line":4,"column":243}},{"start":{"line":4,"column":49},"end":{"line":4,"column":243}}],"line":4},"5":{"loc":{"start":{"line":4,"column":126},"end":{"line":4,"column":220}},"type":"binary-expr","locations":[{"start":{"line":4,"column":126},"end":{"line":4,"column":127}},{"start":{"line":4,"column":132},"end":{"line":4,"column":219}}],"line":4},"6":{"loc":{"start":{"line":5,"column":81},"end":{"line":5,"column":121}},"type":"cond-expr","locations":[{"start":{"line":5,"column":104},"end":{"line":5,"column":116}},{"start":{"line":5,"column":119},"end":{"line":5,"column":121}}],"line":5},"7":{"loc":{"start":{"line":5,"column":123},"end":{"line":5,"column":424}},"type":"cond-expr","locations":[{"start":{"line":5,"column":131},"end":{"line":5,"column":208}},{"start":{"line":5,"column":211},"end":{"line":5,"column":424}}],"line":5},"8":{"loc":{"start":{"line":5,"column":211},"end":{"line":5,"column":424}},"type":"cond-expr","locations":[{"start":{"line":5,"column":246},"end":{"line":5,"column":309}},{"start":{"line":5,"column":312},"end":{"line":5,"column":424}}],"line":5},"9":{"loc":{"start":{"line":6,"column":71},"end":{"line":6,"column":222}},"type":"if","locations":[{"start":{"line":6,"column":71},"end":{"line":6,"column":222}},{"start":{"line":6,"column":71},"end":{"line":6,"column":222}}],"line":6},"10":{"loc":{"start":{"line":7,"column":50},"end":{"line":7,"column":151}},"type":"if","locations":[{"start":{"line":7,"column":50},"end":{"line":7,"column":151}},{"start":{"line":7,"column":50},"end":{"line":7,"column":151}}],"line":7},"11":{"loc":{"start":{"line":8,"column":136},"end":{"line":8,"column":166}},"type":"binary-expr","locations":[{"start":{"line":8,"column":136},"end":{"line":8,"column":157}},{"start":{"line":8,"column":161},"end":{"line":8,"column":166}}],"line":8},"12":{"loc":{"start":{"line":8,"column":200},"end":{"line":8,"column":254}},"type":"if","locations":[{"start":{"line":8,"column":200},"end":{"line":8,"column":254}},{"start":{"line":8,"column":200},"end":{"line":8,"column":254}}],"line":8},"13":{"loc":{"start":{"line":9,"column":62},"end":{"line":9,"column":131}},"type":"if","locations":[{"start":{"line":9,"column":62},"end":{"line":9,"column":131}},{"start":{"line":9,"column":62},"end":{"line":9,"column":131}}],"line":9},"14":{"loc":{"start":{"line":9,"column":132},"end":{"line":9,"column":193}},"type":"if","locations":[{"start":{"line":9,"column":132},"end":{"line":9,"column":193}},{"start":{"line":9,"column":132},"end":{"line":9,"column":193}}],"line":9},"15":{"loc":{"start":{"line":10,"column":71},"end":{"line":10,"column":106}},"type":"cond-expr","locations":[{"start":{"line":10,"column":96},"end":{"line":10,"column":97}},{"start":{"line":10,"column":100},"end":{"line":10,"column":106}}],"line":10},"16":{"loc":{"start":{"line":11,"column":30},"end":{"line":11,"column":73}},"type":"if","locations":[{"start":{"line":11,"column":30},"end":{"line":11,"column":73}},{"start":{"line":11,"column":30},"end":{"line":11,"column":73}}],"line":11},"17":{"loc":{"start":{"line":11,"column":34},"end":{"line":11,"column":62}},"type":"binary-expr","locations":[{"start":{"line":11,"column":34},"end":{"line":11,"column":56}},{"start":{"line":11,"column":60},"end":{"line":11,"column":62}}],"line":11},"18":{"loc":{"start":{"line":11,"column":105},"end":{"line":11,"column":268}},"type":"if","locations":[{"start":{"line":11,"column":105},"end":{"line":11,"column":268}},{"start":{"line":11,"column":105},"end":{"line":11,"column":268}}],"line":11},"19":{"loc":{"start":{"line":11,"column":143},"end":{"line":11,"column":157}},"type":"binary-expr","locations":[{"start":{"line":11,"column":143},"end":{"line":11,"column":144}},{"start":{"line":11,"column":148},"end":{"line":11,"column":157}}],"line":11},"20":{"loc":{"start":{"line":11,"column":160},"end":{"line":11,"column":197}},"type":"if","locations":[{"start":{"line":11,"column":160},"end":{"line":11,"column":197}},{"start":{"line":11,"column":160},"end":{"line":11,"column":197}}],"line":11},"21":{"loc":{"start":{"line":11,"column":277},"end":{"line":11,"column":309}},"type":"cond-expr","locations":[{"start":{"line":11,"column":294},"end":{"line":11,"column":300}},{"start":{"line":11,"column":303},"end":{"line":11,"column":309}}],"line":11},"22":{"loc":{"start":{"line":23,"column":20},"end":{"line":35,"column":12}},"type":"cond-expr","locations":[{"start":{"line":23,"column":44},"end":{"line":35,"column":7}},{"start":{"line":35,"column":10},"end":{"line":35,"column":12}}],"line":23},"23":{"loc":{"start":{"line":42,"column":22},"end":{"line":44,"column":12}},"type":"cond-expr","locations":[{"start":{"line":42,"column":48},"end":{"line":44,"column":7}},{"start":{"line":44,"column":10},"end":{"line":44,"column":12}}],"line":42}},"s":{"0":1,"1":14,"2":0,"3":3,"4":3,"5":3,"6":3,"7":0,"8":3,"9":3,"10":3,"11":3,"12":3,"13":4,"14":0,"15":3,"16":4,"17":4,"18":0,"19":4,"20":4,"21":3,"22":0,"23":1,"24":1,"25":3,"26":3,"27":3,"28":3,"29":3,"30":3,"31":1,"32":1,"33":1,"34":0,"35":1,"36":1,"37":7,"38":7,"39":7,"40":7,"41":0,"42":0,"43":0,"44":0,"45":0,"46":0,"47":0,"48":1,"49":3,"50":3,"51":3,"52":1,"53":1,"54":1,"55":1,"56":1,"57":1,"58":1,"59":1,"60":1,"61":1,"62":3,"63":1,"64":1,"65":2,"66":1,"67":1,"68":1},"f":{"0":1,"1":14,"2":0,"3":3,"4":0,"5":3,"6":4,"7":0,"8":4,"9":3,"10":1,"11":1,"12":7,"13":7,"14":1,"15":3,"16":1,"17":1,"18":1,"19":3,"20":2},"b":{"0":[1,0],"1":[1,1],"2":[0,0],"3":[0,0,0,0],"4":[3,0],"5":[3,3],"6":[3,0],"7":[3,0],"8":[0,0],"9":[0,4],"10":[0,3],"11":[3,3],"12":[3,0],"13":[1,0],"14":[0,1],"15":[0,7],"16":[7,0],"17":[7,0],"18":[0,0],"19":[0,0],"20":[0,0],"21":[0,0],"22":[1,0],"23":[1,0]},"inputSourceMap":{"version":3,"names":["ApiFeatures","query","querySrt","_classCallCheck","_createClass","key","value","search","keyword","$or","name","$regex","$options","category","find","_objectSpread","condition","itemCondition","filter","copyQueryStr","removeFields","forEach","queryStr","JSON","stringify","replace","concat","parse","module","exports"],"sourceRoot":"C:\\Users\\DHIRAJ\\Downloads\\rentAll\\rentAll-1-21\\backend\\utils\\","sources":["apiFeatures.js"],"sourcesContent":["class ApiFeatures {\r\n  constructor(query, querySrt) {\r\n    this.query = query;\r\n    this.querySrt = querySrt;\r\n  }\r\n\r\n  // Search\r\n  search() {\r\n    const keyword = this.querySrt.keyword\r\n      ? {\r\n        $or: [\r\n          {\r\n            name: {\r\n              $regex: this.querySrt.keyword,\r\n              $options: \"i\",\r\n            },\r\n          },\r\n          {\r\n            category: {\r\n              $regex: this.querySrt.keyword,\r\n              $options: \"i\",\r\n            },\r\n          },\r\n        ],\r\n      }\r\n      : {};\r\n    this.query = this.query.find({ ...keyword });\r\n    return this;\r\n  }\r\n\r\n  condition() {\r\n    const condition = this.querySrt.condition\r\n      ? { itemCondition: this.querySrt.condition }\r\n      : {};\r\n\r\n    this.query = this.query.find({ ...condition });\r\n    return this;\r\n  }\r\n  // Filter\r\n  filter() {\r\n    const copyQueryStr = { ...this.querySrt };\r\n\r\n    // Removing some fields for category\r\n    const removeFields = [\"keyword\", \"page\", \"limit\"];\r\n    removeFields.forEach((key) => delete copyQueryStr[key]);\r\n\r\n    // filter for Price and Rating\r\n    let queryStr = JSON.stringify(copyQueryStr);\r\n    queryStr = queryStr.replace(/\\b(gt|gte|lt|lte)\\b/g, (key) => `$${key}`);\r\n    this.query = this.query.find(JSON.parse(queryStr));\r\n    return this;\r\n  }\r\n}\r\nmodule.exports = ApiFeatures;"],"mappings":";;;;;;;;;;;IAAMA,WAAW;EACf,SAAAA,YAAYC,KAAK,EAAEC,QAAQ,EAAE;IAAAC,eAAA,OAAAH,WAAA;IAC3B,IAAI,CAACC,KAAK,GAAGA,KAAK;IAClB,IAAI,CAACC,QAAQ,GAAGA,QAAQ;EAC1B;;EAEA;EAAA,OAAAE,YAAA,CAAAJ,WAAA;IAAAK,GAAA;IAAAC,KAAA,EACA,SAAAC,OAAA,EAAS;MACP,IAAMC,OAAO,GAAG,IAAI,CAACN,QAAQ,CAACM,OAAO,GACjC;QACAC,GAAG,EAAE,CACH;UACEC,IAAI,EAAE;YACJC,MAAM,EAAE,IAAI,CAACT,QAAQ,CAACM,OAAO;YAC7BI,QAAQ,EAAE;UACZ;QACF,CAAC,EACD;UACEC,QAAQ,EAAE;YACRF,MAAM,EAAE,IAAI,CAACT,QAAQ,CAACM,OAAO;YAC7BI,QAAQ,EAAE;UACZ;QACF,CAAC;MAEL,CAAC,GACC,CAAC,CAAC;MACN,IAAI,CAACX,KAAK,GAAG,IAAI,CAACA,KAAK,CAACa,IAAI,CAAAC,aAAA,KAAMP,OAAO,CAAE,CAAC;MAC5C,OAAO,IAAI;IACb;EAAC;IAAAH,GAAA;IAAAC,KAAA,EAED,SAAAU,UAAA,EAAY;MACV,IAAMA,SAAS,GAAG,IAAI,CAACd,QAAQ,CAACc,SAAS,GACrC;QAAEC,aAAa,EAAE,IAAI,CAACf,QAAQ,CAACc;MAAU,CAAC,GAC1C,CAAC,CAAC;MAEN,IAAI,CAACf,KAAK,GAAG,IAAI,CAACA,KAAK,CAACa,IAAI,CAAAC,aAAA,KAAMC,SAAS,CAAE,CAAC;MAC9C,OAAO,IAAI;IACb;IACA;EAAA;IAAAX,GAAA;IAAAC,KAAA,EACA,SAAAY,OAAA,EAAS;MACP,IAAMC,YAAY,GAAAJ,aAAA,KAAQ,IAAI,CAACb,QAAQ,CAAE;;MAEzC;MACA,IAAMkB,YAAY,GAAG,CAAC,SAAS,EAAE,MAAM,EAAE,OAAO,CAAC;MACjDA,YAAY,CAACC,OAAO,CAAC,UAAChB,GAAG;QAAA,OAAK,OAAOc,YAAY,CAACd,GAAG,CAAC;MAAA,EAAC;;MAEvD;MACA,IAAIiB,QAAQ,GAAGC,IAAI,CAACC,SAAS,CAACL,YAAY,CAAC;MAC3CG,QAAQ,GAAGA,QAAQ,CAACG,OAAO,CAAC,sBAAsB,EAAE,UAACpB,GAAG;QAAA,WAAAqB,MAAA,CAASrB,GAAG;MAAA,CAAE,CAAC;MACvE,IAAI,CAACJ,KAAK,GAAG,IAAI,CAACA,KAAK,CAACa,IAAI,CAACS,IAAI,CAACI,KAAK,CAACL,QAAQ,CAAC,CAAC;MAClD,OAAO,IAAI;IACb;EAAC;AAAA;AAEHM,MAAM,CAACC,OAAO,GAAG7B,WAAW","ignoreList":[]},"_coverageSchema":"1a1c01bbd47fc00a2c39e90264f33305004495a9","hash":"8645d97b792e84dc864ec212b475ca0efb6a8f98","contentHash":"c2173c0feba606368dd96fb2aad90ef8a26c9df16b15668860e76737a1567c43"},"C:\\Users\\DHIRAJ\\Downloads\\rentAll\\rentAll-1-21\\backend\\controllers\\contactUsControler.js":{"path":"C:\\Users\\DHIRAJ\\Downloads\\rentAll\\rentAll-1-21\\backend\\controllers\\contactUsControler.js","statementMap":{"0":{"start":{"line":3,"column":49},"end":{"line":3,"column":316}},"1":{"start":{"line":3,"column":149},"end":{"line":3,"column":165}},"2":{"start":{"line":3,"column":185},"end":{"line":3,"column":301}},"3":{"start":{"line":4,"column":196},"end":{"line":4,"column":263}},"4":{"start":{"line":4,"column":251},"end":{"line":4,"column":260}},"5":{"start":{"line":4,"column":275},"end":{"line":4,"column":277}},"6":{"start":{"line":4,"column":283},"end":{"line":4,"column":299}},"7":{"start":{"line":4,"column":305},"end":{"line":4,"column":321}},"8":{"start":{"line":4,"column":327},"end":{"line":4,"column":390}},"9":{"start":{"line":4,"column":373},"end":{"line":4,"column":388}},"10":{"start":{"line":4,"column":396},"end":{"line":4,"column":437}},"11":{"start":{"line":4,"column":443},"end":{"line":4,"column":469}},"12":{"start":{"line":4,"column":475},"end":{"line":4,"column":511}},"13":{"start":{"line":4,"column":517},"end":{"line":4,"column":549}},"14":{"start":{"line":4,"column":578},"end":{"line":4,"column":681}},"15":{"start":{"line":4,"column":684},"end":{"line":4,"column":777}},"16":{"start":{"line":4,"column":690},"end":{"line":4,"column":705}},"17":{"start":{"line":4,"column":720},"end":{"line":4,"column":775}},"18":{"start":{"line":4,"column":756},"end":{"line":4,"column":772}},"19":{"start":{"line":4,"column":814},"end":{"line":4,"column":867}},"20":{"start":{"line":4,"column":873},"end":{"line":4,"column":899}},"21":{"start":{"line":4,"column":905},"end":{"line":4,"column":925}},"22":{"start":{"line":4,"column":927},"end":{"line":4,"column":991}},"23":{"start":{"line":4,"column":1023},"end":{"line":4,"column":1124}},"24":{"start":{"line":4,"column":1029},"end":{"line":4,"column":1074}},"25":{"start":{"line":4,"column":1089},"end":{"line":4,"column":1122}},"26":{"start":{"line":4,"column":1127},"end":{"line":4,"column":1141}},"27":{"start":{"line":4,"column":1150},"end":{"line":4,"column":1166}},"28":{"start":{"line":4,"column":1172},"end":{"line":4,"column":1188}},"29":{"start":{"line":4,"column":1194},"end":{"line":4,"column":1205}},"30":{"start":{"line":4,"column":1211},"end":{"line":4,"column":1222}},"31":{"start":{"line":4,"column":1228},"end":{"line":4,"column":1230}},"32":{"start":{"line":4,"column":1337},"end":{"line":4,"column":1339}},"33":{"start":{"line":4,"column":1341},"end":{"line":4,"column":1384}},"34":{"start":{"line":4,"column":1368},"end":{"line":4,"column":1380}},"35":{"start":{"line":4,"column":1393},"end":{"line":4,"column":1414}},"36":{"start":{"line":4,"column":1420},"end":{"line":4,"column":1441}},"37":{"start":{"line":4,"column":1443},"end":{"line":4,"column":1483}},"38":{"start":{"line":4,"column":1492},"end":{"line":4,"column":1569}},"39":{"start":{"line":4,"column":1607},"end":{"line":4,"column":1720}},"40":{"start":{"line":4,"column":1658},"end":{"line":4,"column":1716}},"41":{"start":{"line":4,"column":1686},"end":{"line":4,"column":1712}},"42":{"start":{"line":4,"column":1792},"end":{"line":4,"column":1812}},"43":{"start":{"line":4,"column":1814},"end":{"line":4,"column":2152}},"44":{"start":{"line":4,"column":1848},"end":{"line":4,"column":1853}},"45":{"start":{"line":4,"column":1859},"end":{"line":4,"column":1866}},"46":{"start":{"line":4,"column":1868},"end":{"line":4,"column":2150}},"47":{"start":{"line":4,"column":1970},"end":{"line":4,"column":1994}},"48":{"start":{"line":4,"column":2013},"end":{"line":4,"column":2038}},"49":{"start":{"line":4,"column":2077},"end":{"line":4,"column":2095}},"50":{"start":{"line":4,"column":2114},"end":{"line":4,"column":2146}},"51":{"start":{"line":4,"column":2153},"end":{"line":4,"column":2162}},"52":{"start":{"line":4,"column":2172},"end":{"line":4,"column":2435}},"53":{"start":{"line":4,"column":2263},"end":{"line":4,"column":2317}},"54":{"start":{"line":4,"column":2294},"end":{"line":4,"column":2313}},"55":{"start":{"line":4,"column":2320},"end":{"line":4,"column":2429}},"56":{"start":{"line":4,"column":2483},"end":{"line":4,"column":2484}},"57":{"start":{"line":4,"column":2486},"end":{"line":4,"column":3211}},"58":{"start":{"line":4,"column":2511},"end":{"line":4,"column":2568}},"59":{"start":{"line":4,"column":2524},"end":{"line":4,"column":2568}},"60":{"start":{"line":4,"column":2569},"end":{"line":4,"column":2644}},"61":{"start":{"line":4,"column":2584},"end":{"line":4,"column":2611}},"62":{"start":{"line":4,"column":2603},"end":{"line":4,"column":2611}},"63":{"start":{"line":4,"column":2612},"end":{"line":4,"column":2642}},"64":{"start":{"line":4,"column":2645},"end":{"line":4,"column":3208}},"65":{"start":{"line":4,"column":2687},"end":{"line":4,"column":2697}},"66":{"start":{"line":4,"column":2699},"end":{"line":4,"column":2788}},"67":{"start":{"line":4,"column":2716},"end":{"line":4,"column":2741}},"68":{"start":{"line":4,"column":2743},"end":{"line":4,"column":2786}},"69":{"start":{"line":4,"column":2752},"end":{"line":4,"column":2774}},"70":{"start":{"line":4,"column":2765},"end":{"line":4,"column":2774}},"71":{"start":{"line":4,"column":2775},"end":{"line":4,"column":2784}},"72":{"start":{"line":4,"column":2789},"end":{"line":4,"column":2991}},"73":{"start":{"line":4,"column":2814},"end":{"line":4,"column":2839}},"74":{"start":{"line":4,"column":2844},"end":{"line":4,"column":2991}},"75":{"start":{"line":4,"column":2872},"end":{"line":4,"column":2904}},"76":{"start":{"line":4,"column":2885},"end":{"line":4,"column":2904}},"77":{"start":{"line":4,"column":2905},"end":{"line":4,"column":2932}},"78":{"start":{"line":4,"column":2940},"end":{"line":4,"column":2991}},"79":{"start":{"line":4,"column":2992},"end":{"line":4,"column":2998}},"80":{"start":{"line":4,"column":3007},"end":{"line":4,"column":3024}},"81":{"start":{"line":4,"column":3026},"end":{"line":4,"column":3140}},"82":{"start":{"line":4,"column":3053},"end":{"line":4,"column":3099}},"83":{"start":{"line":4,"column":3090},"end":{"line":4,"column":3099}},"84":{"start":{"line":4,"column":3100},"end":{"line":4,"column":3138}},"85":{"start":{"line":4,"column":3141},"end":{"line":4,"column":3206}},"86":{"start":{"line":4,"column":3259},"end":{"line":4,"column":3267}},"87":{"start":{"line":4,"column":3273},"end":{"line":4,"column":3286}},"88":{"start":{"line":4,"column":3288},"end":{"line":4,"column":3572}},"89":{"start":{"line":4,"column":3301},"end":{"line":4,"column":3572}},"90":{"start":{"line":4,"column":3581},"end":{"line":4,"column":3611}},"91":{"start":{"line":4,"column":3613},"end":{"line":4,"column":3700}},"92":{"start":{"line":4,"column":3637},"end":{"line":4,"column":3700}},"93":{"start":{"line":4,"column":3709},"end":{"line":4,"column":3714}},"94":{"start":{"line":4,"column":3716},"end":{"line":4,"column":3971}},"95":{"start":{"line":4,"column":4009},"end":{"line":4,"column":4025}},"96":{"start":{"line":4,"column":4027},"end":{"line":4,"column":4134}},"97":{"start":{"line":4,"column":4173},"end":{"line":4,"column":4191}},"98":{"start":{"line":4,"column":4193},"end":{"line":4,"column":4243}},"99":{"start":{"line":4,"column":4268},"end":{"line":4,"column":4354}},"100":{"start":{"line":4,"column":4378},"end":{"line":4,"column":4699}},"101":{"start":{"line":4,"column":4407},"end":{"line":4,"column":4411}},"102":{"start":{"line":4,"column":4413},"end":{"line":4,"column":4437}},"103":{"start":{"line":4,"column":4420},"end":{"line":4,"column":4437}},"104":{"start":{"line":4,"column":4438},"end":{"line":4,"column":4480}},"105":{"start":{"line":4,"column":4471},"end":{"line":4,"column":4480}},"106":{"start":{"line":4,"column":4481},"end":{"line":4,"column":4697}},"107":{"start":{"line":4,"column":4513},"end":{"line":4,"column":4515}},"108":{"start":{"line":4,"column":4521},"end":{"line":4,"column":4675}},"109":{"start":{"line":4,"column":4539},"end":{"line":4,"column":4628}},"110":{"start":{"line":4,"column":4563},"end":{"line":4,"column":4628}},"111":{"start":{"line":4,"column":4581},"end":{"line":4,"column":4628}},"112":{"start":{"line":4,"column":4629},"end":{"line":4,"column":4673}},"113":{"start":{"line":4,"column":4677},"end":{"line":4,"column":4695}},"114":{"start":{"line":4,"column":4700},"end":{"line":4,"column":4753}},"115":{"start":{"line":4,"column":4756},"end":{"line":4,"column":9047}},"116":{"start":{"line":4,"column":5132},"end":{"line":4,"column":5171}},"117":{"start":{"line":4,"column":5173},"end":{"line":4,"column":5266}},"118":{"start":{"line":4,"column":5294},"end":{"line":4,"column":5493}},"119":{"start":{"line":4,"column":5522},"end":{"line":4,"column":5544}},"120":{"start":{"line":4,"column":5645},"end":{"line":4,"column":5657}},"121":{"start":{"line":4,"column":5732},"end":{"line":4,"column":5762}},"122":{"start":{"line":4,"column":5771},"end":{"line":4,"column":5809}},"123":{"start":{"line":4,"column":5811},"end":{"line":4,"column":5917}},"124":{"start":{"line":4,"column":5878},"end":{"line":4,"column":5913}},"125":{"start":{"line":4,"column":6001},"end":{"line":4,"column":6013}},"126":{"start":{"line":4,"column":6054},"end":{"line":4,"column":6082}},"127":{"start":{"line":4,"column":6119},"end":{"line":4,"column":6128}},"128":{"start":{"line":4,"column":6134},"end":{"line":4,"column":6136}},"129":{"start":{"line":4,"column":6138},"end":{"line":4,"column":6165}},"130":{"start":{"line":4,"column":6155},"end":{"line":4,"column":6165}},"131":{"start":{"line":4,"column":6166},"end":{"line":4,"column":6331}},"132":{"start":{"line":4,"column":6204},"end":{"line":4,"column":6299}},"133":{"start":{"line":4,"column":6232},"end":{"line":4,"column":6239}},"134":{"start":{"line":4,"column":6241},"end":{"line":4,"column":6297}},"135":{"start":{"line":4,"column":6253},"end":{"line":4,"column":6297}},"136":{"start":{"line":4,"column":6300},"end":{"line":4,"column":6328}},"137":{"start":{"line":4,"column":6425},"end":{"line":4,"column":6704}},"138":{"start":{"line":4,"column":6605},"end":{"line":4,"column":6704}},"139":{"start":{"line":4,"column":6625},"end":{"line":4,"column":6704}},"140":{"start":{"line":4,"column":6732},"end":{"line":4,"column":6747}},"141":{"start":{"line":4,"column":6756},"end":{"line":4,"column":6785}},"142":{"start":{"line":4,"column":6787},"end":{"line":4,"column":6823}},"143":{"start":{"line":4,"column":6811},"end":{"line":4,"column":6823}},"144":{"start":{"line":4,"column":6824},"end":{"line":4,"column":6841}},"145":{"start":{"line":4,"column":6896},"end":{"line":4,"column":6919}},"146":{"start":{"line":4,"column":6911},"end":{"line":4,"column":6919}},"147":{"start":{"line":4,"column":6928},"end":{"line":4,"column":6932}},"148":{"start":{"line":4,"column":6958},"end":{"line":4,"column":7047}},"149":{"start":{"line":4,"column":7050},"end":{"line":4,"column":7631}},"150":{"start":{"line":4,"column":7063},"end":{"line":4,"column":7089}},"151":{"start":{"line":4,"column":7114},"end":{"line":4,"column":7132}},"152":{"start":{"line":4,"column":7138},"end":{"line":4,"column":7150}},"153":{"start":{"line":4,"column":7152},"end":{"line":4,"column":7198}},"154":{"start":{"line":4,"column":7177},"end":{"line":4,"column":7198}},"155":{"start":{"line":4,"column":7199},"end":{"line":4,"column":7629}},"156":{"start":{"line":4,"column":7236},"end":{"line":4,"column":7257}},"157":{"start":{"line":4,"column":7263},"end":{"line":4,"column":7286}},"158":{"start":{"line":4,"column":7288},"end":{"line":4,"column":7627}},"159":{"start":{"line":4,"column":7302},"end":{"line":4,"column":7360}},"160":{"start":{"line":4,"column":7330},"end":{"line":4,"column":7360}},"161":{"start":{"line":4,"column":7361},"end":{"line":4,"column":7419}},"162":{"start":{"line":4,"column":7391},"end":{"line":4,"column":7419}},"163":{"start":{"line":4,"column":7427},"end":{"line":4,"column":7627}},"164":{"start":{"line":4,"column":7436},"end":{"line":4,"column":7494}},"165":{"start":{"line":4,"column":7464},"end":{"line":4,"column":7494}},"166":{"start":{"line":4,"column":7504},"end":{"line":4,"column":7566}},"167":{"start":{"line":4,"column":7512},"end":{"line":4,"column":7566}},"168":{"start":{"line":4,"column":7567},"end":{"line":4,"column":7625}},"169":{"start":{"line":4,"column":7597},"end":{"line":4,"column":7625}},"170":{"start":{"line":4,"column":7667},"end":{"line":4,"column":7856}},"171":{"start":{"line":4,"column":7680},"end":{"line":4,"column":7706}},"172":{"start":{"line":4,"column":7731},"end":{"line":4,"column":7749}},"173":{"start":{"line":4,"column":7751},"end":{"line":4,"column":7854}},"174":{"start":{"line":4,"column":7843},"end":{"line":4,"column":7844}},"175":{"start":{"line":4,"column":7846},"end":{"line":4,"column":7852}},"176":{"start":{"line":4,"column":7857},"end":{"line":4,"column":7950}},"177":{"start":{"line":4,"column":7959},"end":{"line":4,"column":7980}},"178":{"start":{"line":4,"column":7982},"end":{"line":4,"column":8087}},"179":{"start":{"line":4,"column":8127},"end":{"line":4,"column":8163}},"180":{"start":{"line":4,"column":8151},"end":{"line":4,"column":8163}},"181":{"start":{"line":4,"column":8164},"end":{"line":4,"column":8382}},"182":{"start":{"line":4,"column":8415},"end":{"line":4,"column":8593}},"183":{"start":{"line":4,"column":8428},"end":{"line":4,"column":8454}},"184":{"start":{"line":4,"column":8479},"end":{"line":4,"column":8497}},"185":{"start":{"line":4,"column":8499},"end":{"line":4,"column":8591}},"186":{"start":{"line":4,"column":8523},"end":{"line":4,"column":8591}},"187":{"start":{"line":4,"column":8627},"end":{"line":4,"column":8829}},"188":{"start":{"line":4,"column":8640},"end":{"line":4,"column":8666}},"189":{"start":{"line":4,"column":8691},"end":{"line":4,"column":8709}},"190":{"start":{"line":4,"column":8711},"end":{"line":4,"column":8827}},"191":{"start":{"line":4,"column":8741},"end":{"line":4,"column":8753}},"192":{"start":{"line":4,"column":8755},"end":{"line":4,"column":8815}},"193":{"start":{"line":4,"column":8789},"end":{"line":4,"column":8794}},"194":{"start":{"line":4,"column":8796},"end":{"line":4,"column":8813}},"195":{"start":{"line":4,"column":8816},"end":{"line":4,"column":8825}},"196":{"start":{"line":4,"column":8830},"end":{"line":4,"column":8867}},"197":{"start":{"line":4,"column":8920},"end":{"line":4,"column":9039}},"198":{"start":{"line":5,"column":77},"end":{"line":5,"column":175}},"199":{"start":{"line":5,"column":94},"end":{"line":5,"column":107}},"200":{"start":{"line":5,"column":121},"end":{"line":5,"column":131}},"201":{"start":{"line":5,"column":151},"end":{"line":5,"column":165}},"202":{"start":{"line":5,"column":166},"end":{"line":5,"column":173}},"203":{"start":{"line":5,"column":176},"end":{"line":5,"column":263}},"204":{"start":{"line":5,"column":193},"end":{"line":5,"column":208}},"205":{"start":{"line":5,"column":218},"end":{"line":5,"column":261}},"206":{"start":{"line":6,"column":33},"end":{"line":6,"column":387}},"207":{"start":{"line":6,"column":65},"end":{"line":6,"column":69}},"208":{"start":{"line":6,"column":78},"end":{"line":6,"column":87}},"209":{"start":{"line":6,"column":89},"end":{"line":6,"column":384}},"210":{"start":{"line":6,"column":147},"end":{"line":6,"column":167}},"211":{"start":{"line":6,"column":193},"end":{"line":6,"column":264}},"212":{"start":{"line":6,"column":290},"end":{"line":6,"column":360}},"213":{"start":{"line":6,"column":363},"end":{"line":6,"column":380}},"214":{"start":{"line":7,"column":23},"end":{"line":7,"column":64}},"215":{"start":{"line":8,"column":16},"end":{"line":8,"column":51}},"216":{"start":{"line":9,"column":0},"end":{"line":59,"column":5}},"217":{"start":{"line":10,"column":13},"end":{"line":55,"column":5}},"218":{"start":{"line":12,"column":4},"end":{"line":54,"column":33}},"219":{"start":{"line":13,"column":6},"end":{"line":53,"column":7}},"220":{"start":{"line":13,"column":16},"end":{"line":53,"column":7}},"221":{"start":{"line":15,"column":10},"end":{"line":15,"column":37}},"222":{"start":{"line":16,"column":10},"end":{"line":16,"column":26}},"223":{"start":{"line":17,"column":10},"end":{"line":20,"column":11}},"224":{"start":{"line":18,"column":12},"end":{"line":18,"column":30}},"225":{"start":{"line":19,"column":12},"end":{"line":19,"column":18}},"226":{"start":{"line":21,"column":10},"end":{"line":23,"column":14}},"227":{"start":{"line":25,"column":10},"end":{"line":25,"column":28}},"228":{"start":{"line":26,"column":10},"end":{"line":31,"column":13}},"229":{"start":{"line":32,"column":10},"end":{"line":32,"column":28}},"230":{"start":{"line":33,"column":10},"end":{"line":33,"column":35}},"231":{"start":{"line":35,"column":10},"end":{"line":35,"column":39}},"232":{"start":{"line":36,"column":10},"end":{"line":40,"column":13}},"233":{"start":{"line":41,"column":10},"end":{"line":41,"column":29}},"234":{"start":{"line":42,"column":10},"end":{"line":42,"column":16}},"235":{"start":{"line":44,"column":10},"end":{"line":44,"column":29}},"236":{"start":{"line":45,"column":10},"end":{"line":45,"column":45}},"237":{"start":{"line":46,"column":10},"end":{"line":46,"column":64}},"238":{"start":{"line":47,"column":10},"end":{"line":49,"column":13}},"239":{"start":{"line":52,"column":10},"end":{"line":52,"column":33}},"240":{"start":{"line":56,"column":2},"end":{"line":58,"column":4}},"241":{"start":{"line":57,"column":4},"end":{"line":57,"column":39}},"242":{"start":{"line":60,"column":0},"end":{"line":93,"column":5}},"243":{"start":{"line":61,"column":14},"end":{"line":89,"column":5}},"244":{"start":{"line":63,"column":4},"end":{"line":88,"column":33}},"245":{"start":{"line":64,"column":6},"end":{"line":87,"column":7}},"246":{"start":{"line":64,"column":16},"end":{"line":87,"column":7}},"247":{"start":{"line":66,"column":10},"end":{"line":66,"column":29}},"248":{"start":{"line":67,"column":10},"end":{"line":67,"column":29}},"249":{"start":{"line":68,"column":10},"end":{"line":68,"column":34}},"250":{"start":{"line":70,"column":10},"end":{"line":70,"column":36}},"251":{"start":{"line":71,"column":10},"end":{"line":74,"column":13}},"252":{"start":{"line":75,"column":10},"end":{"line":75,"column":30}},"253":{"start":{"line":76,"column":10},"end":{"line":76,"column":16}},"254":{"start":{"line":78,"column":10},"end":{"line":78,"column":29}},"255":{"start":{"line":79,"column":10},"end":{"line":79,"column":47}},"256":{"start":{"line":80,"column":10},"end":{"line":80,"column":66}},"257":{"start":{"line":81,"column":10},"end":{"line":83,"column":13}},"258":{"start":{"line":86,"column":10},"end":{"line":86,"column":34}},"259":{"start":{"line":90,"column":2},"end":{"line":92,"column":4}},"260":{"start":{"line":91,"column":4},"end":{"line":91,"column":40}}},"fnMap":{"0":{"name":"_typeof","decl":{"start":{"line":3,"column":9},"end":{"line":3,"column":16}},"loc":{"start":{"line":3,"column":20},"end":{"line":3,"column":318}},"line":3},"1":{"name":"(anonymous_1)","decl":{"start":{"line":3,"column":134},"end":{"line":3,"column":135}},"loc":{"start":{"line":3,"column":147},"end":{"line":3,"column":167}},"line":3},"2":{"name":"(anonymous_2)","decl":{"start":{"line":3,"column":170},"end":{"line":3,"column":171}},"loc":{"start":{"line":3,"column":183},"end":{"line":3,"column":303}},"line":3},"3":{"name":"_regeneratorRuntime","decl":{"start":{"line":4,"column":9},"end":{"line":4,"column":28}},"loc":{"start":{"line":4,"column":31},"end":{"line":4,"column":9049}},"line":4},"4":{"name":"_regeneratorRuntime","decl":{"start":{"line":4,"column":227},"end":{"line":4,"column":246}},"loc":{"start":{"line":4,"column":249},"end":{"line":4,"column":262}},"line":4},"5":{"name":"(anonymous_5)","decl":{"start":{"line":4,"column":352},"end":{"line":4,"column":353}},"loc":{"start":{"line":4,"column":371},"end":{"line":4,"column":390}},"line":4},"6":{"name":"define","decl":{"start":{"line":4,"column":560},"end":{"line":4,"column":566}},"loc":{"start":{"line":4,"column":576},"end":{"line":4,"column":683}},"line":4},"7":{"name":"define","decl":{"start":{"line":4,"column":738},"end":{"line":4,"column":744}},"loc":{"start":{"line":4,"column":754},"end":{"line":4,"column":774}},"line":4},"8":{"name":"wrap","decl":{"start":{"line":4,"column":787},"end":{"line":4,"column":791}},"loc":{"start":{"line":4,"column":804},"end":{"line":4,"column":993}},"line":4},"9":{"name":"tryCatch","decl":{"start":{"line":4,"column":1003},"end":{"line":4,"column":1011}},"loc":{"start":{"line":4,"column":1021},"end":{"line":4,"column":1126}},"line":4},"10":{"name":"Generator","decl":{"start":{"line":4,"column":1241},"end":{"line":4,"column":1250}},"loc":{"start":{"line":4,"column":1253},"end":{"line":4,"column":1255}},"line":4},"11":{"name":"GeneratorFunction","decl":{"start":{"line":4,"column":1265},"end":{"line":4,"column":1282}},"loc":{"start":{"line":4,"column":1285},"end":{"line":4,"column":1287}},"line":4},"12":{"name":"GeneratorFunctionPrototype","decl":{"start":{"line":4,"column":1297},"end":{"line":4,"column":1323}},"loc":{"start":{"line":4,"column":1326},"end":{"line":4,"column":1328}},"line":4},"13":{"name":"(anonymous_13)","decl":{"start":{"line":4,"column":1354},"end":{"line":4,"column":1355}},"loc":{"start":{"line":4,"column":1366},"end":{"line":4,"column":1382}},"line":4},"14":{"name":"defineIteratorMethods","decl":{"start":{"line":4,"column":1580},"end":{"line":4,"column":1601}},"loc":{"start":{"line":4,"column":1605},"end":{"line":4,"column":1722}},"line":4},"15":{"name":"(anonymous_15)","decl":{"start":{"line":4,"column":1643},"end":{"line":4,"column":1644}},"loc":{"start":{"line":4,"column":1656},"end":{"line":4,"column":1718}},"line":4},"16":{"name":"(anonymous_16)","decl":{"start":{"line":4,"column":1671},"end":{"line":4,"column":1672}},"loc":{"start":{"line":4,"column":1684},"end":{"line":4,"column":1714}},"line":4},"17":{"name":"AsyncIterator","decl":{"start":{"line":4,"column":1732},"end":{"line":4,"column":1745}},"loc":{"start":{"line":4,"column":1752},"end":{"line":4,"column":2437}},"line":4},"18":{"name":"invoke","decl":{"start":{"line":4,"column":1763},"end":{"line":4,"column":1769}},"loc":{"start":{"line":4,"column":1782},"end":{"line":4,"column":2164}},"line":4},"19":{"name":"(anonymous_19)","decl":{"start":{"line":4,"column":1955},"end":{"line":4,"column":1956}},"loc":{"start":{"line":4,"column":1968},"end":{"line":4,"column":1996}},"line":4},"20":{"name":"(anonymous_20)","decl":{"start":{"line":4,"column":1998},"end":{"line":4,"column":1999}},"loc":{"start":{"line":4,"column":2011},"end":{"line":4,"column":2040}},"line":4},"21":{"name":"(anonymous_21)","decl":{"start":{"line":4,"column":2062},"end":{"line":4,"column":2063}},"loc":{"start":{"line":4,"column":2075},"end":{"line":4,"column":2097}},"line":4},"22":{"name":"(anonymous_22)","decl":{"start":{"line":4,"column":2099},"end":{"line":4,"column":2100}},"loc":{"start":{"line":4,"column":2112},"end":{"line":4,"column":2148}},"line":4},"23":{"name":"value","decl":{"start":{"line":4,"column":2209},"end":{"line":4,"column":2214}},"loc":{"start":{"line":4,"column":2221},"end":{"line":4,"column":2431}},"line":4},"24":{"name":"callInvokeWithMethodAndArg","decl":{"start":{"line":4,"column":2232},"end":{"line":4,"column":2258}},"loc":{"start":{"line":4,"column":2261},"end":{"line":4,"column":2319}},"line":4},"25":{"name":"(anonymous_25)","decl":{"start":{"line":4,"column":2276},"end":{"line":4,"column":2277}},"loc":{"start":{"line":4,"column":2292},"end":{"line":4,"column":2315}},"line":4},"26":{"name":"makeInvokeMethod","decl":{"start":{"line":4,"column":2447},"end":{"line":4,"column":2463}},"loc":{"start":{"line":4,"column":2473},"end":{"line":4,"column":3213}},"line":4},"27":{"name":"(anonymous_27)","decl":{"start":{"line":4,"column":2493},"end":{"line":4,"column":2494}},"loc":{"start":{"line":4,"column":2509},"end":{"line":4,"column":3210}},"line":4},"28":{"name":"maybeInvokeDelegate","decl":{"start":{"line":4,"column":3223},"end":{"line":4,"column":3242}},"loc":{"start":{"line":4,"column":3249},"end":{"line":4,"column":3973}},"line":4},"29":{"name":"pushTryEntry","decl":{"start":{"line":4,"column":3983},"end":{"line":4,"column":3995}},"loc":{"start":{"line":4,"column":3999},"end":{"line":4,"column":4136}},"line":4},"30":{"name":"resetTryEntry","decl":{"start":{"line":4,"column":4146},"end":{"line":4,"column":4159}},"loc":{"start":{"line":4,"column":4163},"end":{"line":4,"column":4245}},"line":4},"31":{"name":"Context","decl":{"start":{"line":4,"column":4255},"end":{"line":4,"column":4262}},"loc":{"start":{"line":4,"column":4266},"end":{"line":4,"column":4356}},"line":4},"32":{"name":"values","decl":{"start":{"line":4,"column":4366},"end":{"line":4,"column":4372}},"loc":{"start":{"line":4,"column":4376},"end":{"line":4,"column":4755}},"line":4},"33":{"name":"next","decl":{"start":{"line":4,"column":4530},"end":{"line":4,"column":4534}},"loc":{"start":{"line":4,"column":4537},"end":{"line":4,"column":4675}},"line":4},"34":{"name":"(anonymous_34)","decl":{"start":{"line":4,"column":5109},"end":{"line":4,"column":5110}},"loc":{"start":{"line":4,"column":5122},"end":{"line":4,"column":5268}},"line":4},"35":{"name":"(anonymous_35)","decl":{"start":{"line":4,"column":5279},"end":{"line":4,"column":5280}},"loc":{"start":{"line":4,"column":5292},"end":{"line":4,"column":5495}},"line":4},"36":{"name":"(anonymous_36)","decl":{"start":{"line":4,"column":5507},"end":{"line":4,"column":5508}},"loc":{"start":{"line":4,"column":5520},"end":{"line":4,"column":5546}},"line":4},"37":{"name":"(anonymous_37)","decl":{"start":{"line":4,"column":5631},"end":{"line":4,"column":5632}},"loc":{"start":{"line":4,"column":5643},"end":{"line":4,"column":5659}},"line":4},"38":{"name":"(anonymous_38)","decl":{"start":{"line":4,"column":5705},"end":{"line":4,"column":5706}},"loc":{"start":{"line":4,"column":5730},"end":{"line":4,"column":5919}},"line":4},"39":{"name":"(anonymous_39)","decl":{"start":{"line":4,"column":5863},"end":{"line":4,"column":5864}},"loc":{"start":{"line":4,"column":5876},"end":{"line":4,"column":5915}},"line":4},"40":{"name":"(anonymous_40)","decl":{"start":{"line":4,"column":5987},"end":{"line":4,"column":5988}},"loc":{"start":{"line":4,"column":5999},"end":{"line":4,"column":6015}},"line":4},"41":{"name":"(anonymous_41)","decl":{"start":{"line":4,"column":6040},"end":{"line":4,"column":6041}},"loc":{"start":{"line":4,"column":6052},"end":{"line":4,"column":6084}},"line":4},"42":{"name":"(anonymous_42)","decl":{"start":{"line":4,"column":6096},"end":{"line":4,"column":6097}},"loc":{"start":{"line":4,"column":6109},"end":{"line":4,"column":6333}},"line":4},"43":{"name":"next","decl":{"start":{"line":4,"column":6195},"end":{"line":4,"column":6199}},"loc":{"start":{"line":4,"column":6202},"end":{"line":4,"column":6330}},"line":4},"44":{"name":"reset","decl":{"start":{"line":4,"column":6414},"end":{"line":4,"column":6419}},"loc":{"start":{"line":4,"column":6423},"end":{"line":4,"column":6706}},"line":4},"45":{"name":"stop","decl":{"start":{"line":4,"column":6723},"end":{"line":4,"column":6727}},"loc":{"start":{"line":4,"column":6730},"end":{"line":4,"column":6843}},"line":4},"46":{"name":"dispatchException","decl":{"start":{"line":4,"column":6873},"end":{"line":4,"column":6890}},"loc":{"start":{"line":4,"column":6894},"end":{"line":4,"column":7633}},"line":4},"47":{"name":"handle","decl":{"start":{"line":4,"column":6943},"end":{"line":4,"column":6949}},"loc":{"start":{"line":4,"column":6956},"end":{"line":4,"column":7049}},"line":4},"48":{"name":"abrupt","decl":{"start":{"line":4,"column":7652},"end":{"line":4,"column":7658}},"loc":{"start":{"line":4,"column":7665},"end":{"line":4,"column":8089}},"line":4},"49":{"name":"complete","decl":{"start":{"line":4,"column":8110},"end":{"line":4,"column":8118}},"loc":{"start":{"line":4,"column":8125},"end":{"line":4,"column":8384}},"line":4},"50":{"name":"finish","decl":{"start":{"line":4,"column":8403},"end":{"line":4,"column":8409}},"loc":{"start":{"line":4,"column":8413},"end":{"line":4,"column":8595}},"line":4},"51":{"name":"_catch","decl":{"start":{"line":4,"column":8615},"end":{"line":4,"column":8621}},"loc":{"start":{"line":4,"column":8625},"end":{"line":4,"column":8869}},"line":4},"52":{"name":"delegateYield","decl":{"start":{"line":4,"column":8895},"end":{"line":4,"column":8908}},"loc":{"start":{"line":4,"column":8918},"end":{"line":4,"column":9041}},"line":4},"53":{"name":"asyncGeneratorStep","decl":{"start":{"line":5,"column":9},"end":{"line":5,"column":27}},"loc":{"start":{"line":5,"column":75},"end":{"line":5,"column":265}},"line":5},"54":{"name":"_asyncToGenerator","decl":{"start":{"line":6,"column":9},"end":{"line":6,"column":26}},"loc":{"start":{"line":6,"column":31},"end":{"line":6,"column":389}},"line":6},"55":{"name":"(anonymous_55)","decl":{"start":{"line":6,"column":40},"end":{"line":6,"column":41}},"loc":{"start":{"line":6,"column":52},"end":{"line":6,"column":386}},"line":6},"56":{"name":"(anonymous_56)","decl":{"start":{"line":6,"column":108},"end":{"line":6,"column":109}},"loc":{"start":{"line":6,"column":135},"end":{"line":6,"column":382}},"line":6},"57":{"name":"_next","decl":{"start":{"line":6,"column":178},"end":{"line":6,"column":183}},"loc":{"start":{"line":6,"column":191},"end":{"line":6,"column":266}},"line":6},"58":{"name":"_throw","decl":{"start":{"line":6,"column":276},"end":{"line":6,"column":282}},"loc":{"start":{"line":6,"column":288},"end":{"line":6,"column":362}},"line":6},"59":{"name":"(anonymous_59)","decl":{"start":{"line":9,"column":55},"end":{"line":9,"column":56}},"loc":{"start":{"line":9,"column":67},"end":{"line":59,"column":1}},"line":9},"60":{"name":"_callee","decl":{"start":{"line":10,"column":81},"end":{"line":10,"column":88}},"loc":{"start":{"line":10,"column":105},"end":{"line":55,"column":3}},"line":10},"61":{"name":"_callee$","decl":{"start":{"line":12,"column":47},"end":{"line":12,"column":55}},"loc":{"start":{"line":12,"column":66},"end":{"line":54,"column":5}},"line":12},"62":{"name":"(anonymous_62)","decl":{"start":{"line":56,"column":9},"end":{"line":56,"column":10}},"loc":{"start":{"line":56,"column":33},"end":{"line":58,"column":3}},"line":56},"63":{"name":"(anonymous_63)","decl":{"start":{"line":60,"column":56},"end":{"line":60,"column":57}},"loc":{"start":{"line":60,"column":68},"end":{"line":93,"column":1}},"line":60},"64":{"name":"_callee2","decl":{"start":{"line":61,"column":82},"end":{"line":61,"column":90}},"loc":{"start":{"line":61,"column":107},"end":{"line":89,"column":3}},"line":61},"65":{"name":"_callee2$","decl":{"start":{"line":63,"column":47},"end":{"line":63,"column":56}},"loc":{"start":{"line":63,"column":68},"end":{"line":88,"column":5}},"line":63},"66":{"name":"(anonymous_66)","decl":{"start":{"line":90,"column":9},"end":{"line":90,"column":10}},"loc":{"start":{"line":90,"column":34},"end":{"line":92,"column":3}},"line":90}},"branchMap":{"0":{"loc":{"start":{"line":3,"column":66},"end":{"line":3,"column":303}},"type":"cond-expr","locations":[{"start":{"line":3,"column":134},"end":{"line":3,"column":167}},{"start":{"line":3,"column":170},"end":{"line":3,"column":303}}],"line":3},"1":{"loc":{"start":{"line":3,"column":66},"end":{"line":3,"column":131}},"type":"binary-expr","locations":[{"start":{"line":3,"column":66},"end":{"line":3,"column":93}},{"start":{"line":3,"column":97},"end":{"line":3,"column":131}}],"line":3},"2":{"loc":{"start":{"line":3,"column":192},"end":{"line":3,"column":300}},"type":"cond-expr","locations":[{"start":{"line":3,"column":281},"end":{"line":3,"column":289}},{"start":{"line":3,"column":292},"end":{"line":3,"column":300}}],"line":3},"3":{"loc":{"start":{"line":3,"column":192},"end":{"line":3,"column":278}},"type":"binary-expr","locations":[{"start":{"line":3,"column":192},"end":{"line":3,"column":193}},{"start":{"line":3,"column":197},"end":{"line":3,"column":224}},{"start":{"line":3,"column":228},"end":{"line":3,"column":252}},{"start":{"line":3,"column":256},"end":{"line":3,"column":278}}],"line":3},"4":{"loc":{"start":{"line":4,"column":327},"end":{"line":4,"column":390}},"type":"binary-expr","locations":[{"start":{"line":4,"column":327},"end":{"line":4,"column":348}},{"start":{"line":4,"column":352},"end":{"line":4,"column":390}}],"line":4},"5":{"loc":{"start":{"line":4,"column":396},"end":{"line":4,"column":437}},"type":"cond-expr","locations":[{"start":{"line":4,"column":426},"end":{"line":4,"column":432}},{"start":{"line":4,"column":435},"end":{"line":4,"column":437}}],"line":4},"6":{"loc":{"start":{"line":4,"column":443},"end":{"line":4,"column":469}},"type":"binary-expr","locations":[{"start":{"line":4,"column":443},"end":{"line":4,"column":453}},{"start":{"line":4,"column":457},"end":{"line":4,"column":469}}],"line":4},"7":{"loc":{"start":{"line":4,"column":475},"end":{"line":4,"column":511}},"type":"binary-expr","locations":[{"start":{"line":4,"column":475},"end":{"line":4,"column":490}},{"start":{"line":4,"column":494},"end":{"line":4,"column":511}}],"line":4},"8":{"loc":{"start":{"line":4,"column":517},"end":{"line":4,"column":549}},"type":"binary-expr","locations":[{"start":{"line":4,"column":517},"end":{"line":4,"column":530}},{"start":{"line":4,"column":534},"end":{"line":4,"column":549}}],"line":4},"9":{"loc":{"start":{"line":4,"column":814},"end":{"line":4,"column":867}},"type":"cond-expr","locations":[{"start":{"line":4,"column":854},"end":{"line":4,"column":855}},{"start":{"line":4,"column":858},"end":{"line":4,"column":867}}],"line":4},"10":{"loc":{"start":{"line":4,"column":814},"end":{"line":4,"column":851}},"type":"binary-expr","locations":[{"start":{"line":4,"column":814},"end":{"line":4,"column":815}},{"start":{"line":4,"column":819},"end":{"line":4,"column":851}}],"line":4},"11":{"loc":{"start":{"line":4,"column":917},"end":{"line":4,"column":924}},"type":"binary-expr","locations":[{"start":{"line":4,"column":917},"end":{"line":4,"column":918}},{"start":{"line":4,"column":922},"end":{"line":4,"column":924}}],"line":4},"12":{"loc":{"start":{"line":4,"column":1420},"end":{"line":4,"column":1441}},"type":"binary-expr","locations":[{"start":{"line":4,"column":1420},"end":{"line":4,"column":1421}},{"start":{"line":4,"column":1425},"end":{"line":4,"column":1441}}],"line":4},"13":{"loc":{"start":{"line":4,"column":1443},"end":{"line":4,"column":1482}},"type":"binary-expr","locations":[{"start":{"line":4,"column":1443},"end":{"line":4,"column":1444}},{"start":{"line":4,"column":1448},"end":{"line":4,"column":1455}},{"start":{"line":4,"column":1459},"end":{"line":4,"column":1471}},{"start":{"line":4,"column":1476},"end":{"line":4,"column":1481}}],"line":4},"14":{"loc":{"start":{"line":4,"column":1814},"end":{"line":4,"column":2152}},"type":"if","locations":[{"start":{"line":4,"column":1814},"end":{"line":4,"column":2152}},{"start":{"line":4,"column":1814},"end":{"line":4,"column":2152}}],"line":4},"15":{"loc":{"start":{"line":4,"column":1875},"end":{"line":4,"column":2149}},"type":"cond-expr","locations":[{"start":{"line":4,"column":1929},"end":{"line":4,"column":2041}},{"start":{"line":4,"column":2044},"end":{"line":4,"column":2149}}],"line":4},"16":{"loc":{"start":{"line":4,"column":1875},"end":{"line":4,"column":1926}},"type":"binary-expr","locations":[{"start":{"line":4,"column":1875},"end":{"line":4,"column":1876}},{"start":{"line":4,"column":1880},"end":{"line":4,"column":1902}},{"start":{"line":4,"column":1906},"end":{"line":4,"column":1926}}],"line":4},"17":{"loc":{"start":{"line":4,"column":2331},"end":{"line":4,"column":2428}},"type":"cond-expr","locations":[{"start":{"line":4,"column":2335},"end":{"line":4,"column":2397}},{"start":{"line":4,"column":2400},"end":{"line":4,"column":2428}}],"line":4},"18":{"loc":{"start":{"line":4,"column":2511},"end":{"line":4,"column":2568}},"type":"if","locations":[{"start":{"line":4,"column":2511},"end":{"line":4,"column":2568}},{"start":{"line":4,"column":2511},"end":{"line":4,"column":2568}}],"line":4},"19":{"loc":{"start":{"line":4,"column":2569},"end":{"line":4,"column":2644}},"type":"if","locations":[{"start":{"line":4,"column":2569},"end":{"line":4,"column":2644}},{"start":{"line":4,"column":2569},"end":{"line":4,"column":2644}}],"line":4},"20":{"loc":{"start":{"line":4,"column":2584},"end":{"line":4,"column":2611}},"type":"if","locations":[{"start":{"line":4,"column":2584},"end":{"line":4,"column":2611}},{"start":{"line":4,"column":2584},"end":{"line":4,"column":2611}}],"line":4},"21":{"loc":{"start":{"line":4,"column":2699},"end":{"line":4,"column":2788}},"type":"if","locations":[{"start":{"line":4,"column":2699},"end":{"line":4,"column":2788}},{"start":{"line":4,"column":2699},"end":{"line":4,"column":2788}}],"line":4},"22":{"loc":{"start":{"line":4,"column":2743},"end":{"line":4,"column":2786}},"type":"if","locations":[{"start":{"line":4,"column":2743},"end":{"line":4,"column":2786}},{"start":{"line":4,"column":2743},"end":{"line":4,"column":2786}}],"line":4},"23":{"loc":{"start":{"line":4,"column":2752},"end":{"line":4,"column":2774}},"type":"if","locations":[{"start":{"line":4,"column":2752},"end":{"line":4,"column":2774}},{"start":{"line":4,"column":2752},"end":{"line":4,"column":2774}}],"line":4},"24":{"loc":{"start":{"line":4,"column":2789},"end":{"line":4,"column":2991}},"type":"if","locations":[{"start":{"line":4,"column":2789},"end":{"line":4,"column":2991}},{"start":{"line":4,"column":2789},"end":{"line":4,"column":2991}}],"line":4},"25":{"loc":{"start":{"line":4,"column":2844},"end":{"line":4,"column":2991}},"type":"if","locations":[{"start":{"line":4,"column":2844},"end":{"line":4,"column":2991}},{"start":{"line":4,"column":2844},"end":{"line":4,"column":2991}}],"line":4},"26":{"loc":{"start":{"line":4,"column":2872},"end":{"line":4,"column":2904}},"type":"if","locations":[{"start":{"line":4,"column":2872},"end":{"line":4,"column":2904}},{"start":{"line":4,"column":2872},"end":{"line":4,"column":2904}}],"line":4},"27":{"loc":{"start":{"line":4,"column":2940},"end":{"line":4,"column":2990}},"type":"binary-expr","locations":[{"start":{"line":4,"column":2940},"end":{"line":4,"column":2961}},{"start":{"line":4,"column":2965},"end":{"line":4,"column":2990}}],"line":4},"28":{"loc":{"start":{"line":4,"column":3026},"end":{"line":4,"column":3140}},"type":"if","locations":[{"start":{"line":4,"column":3026},"end":{"line":4,"column":3140}},{"start":{"line":4,"column":3026},"end":{"line":4,"column":3140}}],"line":4},"29":{"loc":{"start":{"line":4,"column":3053},"end":{"line":4,"column":3099}},"type":"if","locations":[{"start":{"line":4,"column":3053},"end":{"line":4,"column":3099}},{"start":{"line":4,"column":3053},"end":{"line":4,"column":3099}}],"line":4},"30":{"loc":{"start":{"line":4,"column":3061},"end":{"line":4,"column":3075}},"type":"cond-expr","locations":[{"start":{"line":4,"column":3070},"end":{"line":4,"column":3071}},{"start":{"line":4,"column":3074},"end":{"line":4,"column":3075}}],"line":4},"31":{"loc":{"start":{"line":4,"column":3141},"end":{"line":4,"column":3205}},"type":"binary-expr","locations":[{"start":{"line":4,"column":3141},"end":{"line":4,"column":3159}},{"start":{"line":4,"column":3164},"end":{"line":4,"column":3204}}],"line":4},"32":{"loc":{"start":{"line":4,"column":3288},"end":{"line":4,"column":3572}},"type":"if","locations":[{"start":{"line":4,"column":3288},"end":{"line":4,"column":3572}},{"start":{"line":4,"column":3288},"end":{"line":4,"column":3572}}],"line":4},"33":{"loc":{"start":{"line":4,"column":3327},"end":{"line":4,"column":3568}},"type":"binary-expr","locations":[{"start":{"line":4,"column":3327},"end":{"line":4,"column":3340}},{"start":{"line":4,"column":3344},"end":{"line":4,"column":3364}},{"start":{"line":4,"column":3369},"end":{"line":4,"column":3448}},{"start":{"line":4,"column":3453},"end":{"line":4,"column":3467}},{"start":{"line":4,"column":3472},"end":{"line":4,"column":3567}}],"line":4},"34":{"loc":{"start":{"line":4,"column":3613},"end":{"line":4,"column":3700}},"type":"if","locations":[{"start":{"line":4,"column":3613},"end":{"line":4,"column":3700}},{"start":{"line":4,"column":3613},"end":{"line":4,"column":3700}}],"line":4},"35":{"loc":{"start":{"line":4,"column":3723},"end":{"line":4,"column":3970}},"type":"cond-expr","locations":[{"start":{"line":4,"column":3727},"end":{"line":4,"column":3866}},{"start":{"line":4,"column":3870},"end":{"line":4,"column":3969}}],"line":4},"36":{"loc":{"start":{"line":4,"column":3727},"end":{"line":4,"column":3866}},"type":"cond-expr","locations":[{"start":{"line":4,"column":3737},"end":{"line":4,"column":3861}},{"start":{"line":4,"column":3865},"end":{"line":4,"column":3866}}],"line":4},"37":{"loc":{"start":{"line":4,"column":3784},"end":{"line":4,"column":3839}},"type":"binary-expr","locations":[{"start":{"line":4,"column":3784},"end":{"line":4,"column":3805}},{"start":{"line":4,"column":3810},"end":{"line":4,"column":3838}}],"line":4},"38":{"loc":{"start":{"line":4,"column":4027},"end":{"line":4,"column":4056}},"type":"binary-expr","locations":[{"start":{"line":4,"column":4027},"end":{"line":4,"column":4033}},{"start":{"line":4,"column":4038},"end":{"line":4,"column":4055}}],"line":4},"39":{"loc":{"start":{"line":4,"column":4058},"end":{"line":4,"column":4108}},"type":"binary-expr","locations":[{"start":{"line":4,"column":4058},"end":{"line":4,"column":4064}},{"start":{"line":4,"column":4069},"end":{"line":4,"column":4107}}],"line":4},"40":{"loc":{"start":{"line":4,"column":4173},"end":{"line":4,"column":4191}},"type":"binary-expr","locations":[{"start":{"line":4,"column":4173},"end":{"line":4,"column":4185}},{"start":{"line":4,"column":4189},"end":{"line":4,"column":4191}}],"line":4},"41":{"loc":{"start":{"line":4,"column":4378},"end":{"line":4,"column":4699}},"type":"if","locations":[{"start":{"line":4,"column":4378},"end":{"line":4,"column":4699}},{"start":{"line":4,"column":4378},"end":{"line":4,"column":4699}}],"line":4},"42":{"loc":{"start":{"line":4,"column":4382},"end":{"line":4,"column":4395}},"type":"binary-expr","locations":[{"start":{"line":4,"column":4382},"end":{"line":4,"column":4383}},{"start":{"line":4,"column":4387},"end":{"line":4,"column":4395}}],"line":4},"43":{"loc":{"start":{"line":4,"column":4413},"end":{"line":4,"column":4437}},"type":"if","locations":[{"start":{"line":4,"column":4413},"end":{"line":4,"column":4437}},{"start":{"line":4,"column":4413},"end":{"line":4,"column":4437}}],"line":4},"44":{"loc":{"start":{"line":4,"column":4438},"end":{"line":4,"column":4480}},"type":"if","locations":[{"start":{"line":4,"column":4438},"end":{"line":4,"column":4480}},{"start":{"line":4,"column":4438},"end":{"line":4,"column":4480}}],"line":4},"45":{"loc":{"start":{"line":4,"column":4481},"end":{"line":4,"column":4697}},"type":"if","locations":[{"start":{"line":4,"column":4481},"end":{"line":4,"column":4697}},{"start":{"line":4,"column":4481},"end":{"line":4,"column":4697}}],"line":4},"46":{"loc":{"start":{"line":4,"column":4563},"end":{"line":4,"column":4628}},"type":"if","locations":[{"start":{"line":4,"column":4563},"end":{"line":4,"column":4628}},{"start":{"line":4,"column":4563},"end":{"line":4,"column":4628}}],"line":4},"47":{"loc":{"start":{"line":4,"column":5132},"end":{"line":4,"column":5171}},"type":"binary-expr","locations":[{"start":{"line":4,"column":5132},"end":{"line":4,"column":5154}},{"start":{"line":4,"column":5158},"end":{"line":4,"column":5171}}],"line":4},"48":{"loc":{"start":{"line":4,"column":5180},"end":{"line":4,"column":5265}},"type":"binary-expr","locations":[{"start":{"line":4,"column":5180},"end":{"line":4,"column":5183}},{"start":{"line":4,"column":5188},"end":{"line":4,"column":5211}},{"start":{"line":4,"column":5215},"end":{"line":4,"column":5264}}],"line":4},"49":{"loc":{"start":{"line":4,"column":5240},"end":{"line":4,"column":5263}},"type":"binary-expr","locations":[{"start":{"line":4,"column":5240},"end":{"line":4,"column":5253}},{"start":{"line":4,"column":5257},"end":{"line":4,"column":5263}}],"line":4},"50":{"loc":{"start":{"line":4,"column":5301},"end":{"line":4,"column":5457}},"type":"cond-expr","locations":[{"start":{"line":4,"column":5325},"end":{"line":4,"column":5377}},{"start":{"line":4,"column":5381},"end":{"line":4,"column":5456}}],"line":4},"51":{"loc":{"start":{"line":4,"column":5732},"end":{"line":4,"column":5761}},"type":"binary-expr","locations":[{"start":{"line":4,"column":5732},"end":{"line":4,"column":5744}},{"start":{"line":4,"column":5749},"end":{"line":4,"column":5760}}],"line":4},"52":{"loc":{"start":{"line":4,"column":5818},"end":{"line":4,"column":5916}},"type":"cond-expr","locations":[{"start":{"line":4,"column":5845},"end":{"line":4,"column":5846}},{"start":{"line":4,"column":5849},"end":{"line":4,"column":5916}}],"line":4},"53":{"loc":{"start":{"line":4,"column":5885},"end":{"line":4,"column":5912}},"type":"cond-expr","locations":[{"start":{"line":4,"column":5894},"end":{"line":4,"column":5901}},{"start":{"line":4,"column":5904},"end":{"line":4,"column":5912}}],"line":4},"54":{"loc":{"start":{"line":4,"column":6241},"end":{"line":4,"column":6297}},"type":"if","locations":[{"start":{"line":4,"column":6241},"end":{"line":4,"column":6297}},{"start":{"line":4,"column":6241},"end":{"line":4,"column":6297}}],"line":4},"55":{"loc":{"start":{"line":4,"column":6425},"end":{"line":4,"column":6704}},"type":"if","locations":[{"start":{"line":4,"column":6425},"end":{"line":4,"column":6704}},{"start":{"line":4,"column":6425},"end":{"line":4,"column":6704}}],"line":4},"56":{"loc":{"start":{"line":4,"column":6625},"end":{"line":4,"column":6703}},"type":"binary-expr","locations":[{"start":{"line":4,"column":6625},"end":{"line":4,"column":6644}},{"start":{"line":4,"column":6648},"end":{"line":4,"column":6663}},{"start":{"line":4,"column":6667},"end":{"line":4,"column":6686}},{"start":{"line":4,"column":6691},"end":{"line":4,"column":6702}}],"line":4},"57":{"loc":{"start":{"line":4,"column":6787},"end":{"line":4,"column":6823}},"type":"if","locations":[{"start":{"line":4,"column":6787},"end":{"line":4,"column":6823}},{"start":{"line":4,"column":6787},"end":{"line":4,"column":6823}}],"line":4},"58":{"loc":{"start":{"line":4,"column":6896},"end":{"line":4,"column":6919}},"type":"if","locations":[{"start":{"line":4,"column":6896},"end":{"line":4,"column":6919}},{"start":{"line":4,"column":6896},"end":{"line":4,"column":6919}}],"line":4},"59":{"loc":{"start":{"line":4,"column":7006},"end":{"line":4,"column":7041}},"type":"binary-expr","locations":[{"start":{"line":4,"column":7006},"end":{"line":4,"column":7007}},{"start":{"line":4,"column":7012},"end":{"line":4,"column":7040}}],"line":4},"60":{"loc":{"start":{"line":4,"column":7152},"end":{"line":4,"column":7198}},"type":"if","locations":[{"start":{"line":4,"column":7152},"end":{"line":4,"column":7198}},{"start":{"line":4,"column":7152},"end":{"line":4,"column":7198}}],"line":4},"61":{"loc":{"start":{"line":4,"column":7199},"end":{"line":4,"column":7629}},"type":"if","locations":[{"start":{"line":4,"column":7199},"end":{"line":4,"column":7629}},{"start":{"line":4,"column":7199},"end":{"line":4,"column":7629}}],"line":4},"62":{"loc":{"start":{"line":4,"column":7288},"end":{"line":4,"column":7627}},"type":"if","locations":[{"start":{"line":4,"column":7288},"end":{"line":4,"column":7627}},{"start":{"line":4,"column":7288},"end":{"line":4,"column":7627}}],"line":4},"63":{"loc":{"start":{"line":4,"column":7292},"end":{"line":4,"column":7298}},"type":"binary-expr","locations":[{"start":{"line":4,"column":7292},"end":{"line":4,"column":7293}},{"start":{"line":4,"column":7297},"end":{"line":4,"column":7298}}],"line":4},"64":{"loc":{"start":{"line":4,"column":7302},"end":{"line":4,"column":7360}},"type":"if","locations":[{"start":{"line":4,"column":7302},"end":{"line":4,"column":7360}},{"start":{"line":4,"column":7302},"end":{"line":4,"column":7360}}],"line":4},"65":{"loc":{"start":{"line":4,"column":7361},"end":{"line":4,"column":7419}},"type":"if","locations":[{"start":{"line":4,"column":7361},"end":{"line":4,"column":7419}},{"start":{"line":4,"column":7361},"end":{"line":4,"column":7419}}],"line":4},"66":{"loc":{"start":{"line":4,"column":7427},"end":{"line":4,"column":7627}},"type":"if","locations":[{"start":{"line":4,"column":7427},"end":{"line":4,"column":7627}},{"start":{"line":4,"column":7427},"end":{"line":4,"column":7627}}],"line":4},"67":{"loc":{"start":{"line":4,"column":7436},"end":{"line":4,"column":7494}},"type":"if","locations":[{"start":{"line":4,"column":7436},"end":{"line":4,"column":7494}},{"start":{"line":4,"column":7436},"end":{"line":4,"column":7494}}],"line":4},"68":{"loc":{"start":{"line":4,"column":7504},"end":{"line":4,"column":7566}},"type":"if","locations":[{"start":{"line":4,"column":7504},"end":{"line":4,"column":7566}},{"start":{"line":4,"column":7504},"end":{"line":4,"column":7566}}],"line":4},"69":{"loc":{"start":{"line":4,"column":7567},"end":{"line":4,"column":7625}},"type":"if","locations":[{"start":{"line":4,"column":7567},"end":{"line":4,"column":7625}},{"start":{"line":4,"column":7567},"end":{"line":4,"column":7625}}],"line":4},"70":{"loc":{"start":{"line":4,"column":7751},"end":{"line":4,"column":7854}},"type":"if","locations":[{"start":{"line":4,"column":7751},"end":{"line":4,"column":7854}},{"start":{"line":4,"column":7751},"end":{"line":4,"column":7854}}],"line":4},"71":{"loc":{"start":{"line":4,"column":7755},"end":{"line":4,"column":7831}},"type":"binary-expr","locations":[{"start":{"line":4,"column":7755},"end":{"line":4,"column":7776}},{"start":{"line":4,"column":7780},"end":{"line":4,"column":7803}},{"start":{"line":4,"column":7807},"end":{"line":4,"column":7831}}],"line":4},"72":{"loc":{"start":{"line":4,"column":7857},"end":{"line":4,"column":7949}},"type":"binary-expr","locations":[{"start":{"line":4,"column":7857},"end":{"line":4,"column":7858}},{"start":{"line":4,"column":7863},"end":{"line":4,"column":7876}},{"start":{"line":4,"column":7880},"end":{"line":4,"column":7896}},{"start":{"line":4,"column":7901},"end":{"line":4,"column":7914}},{"start":{"line":4,"column":7918},"end":{"line":4,"column":7935}},{"start":{"line":4,"column":7940},"end":{"line":4,"column":7948}}],"line":4},"73":{"loc":{"start":{"line":4,"column":7959},"end":{"line":4,"column":7980}},"type":"cond-expr","locations":[{"start":{"line":4,"column":7963},"end":{"line":4,"column":7975}},{"start":{"line":4,"column":7978},"end":{"line":4,"column":7980}}],"line":4},"74":{"loc":{"start":{"line":4,"column":8012},"end":{"line":4,"column":8086}},"type":"cond-expr","locations":[{"start":{"line":4,"column":8017},"end":{"line":4,"column":8066}},{"start":{"line":4,"column":8070},"end":{"line":4,"column":8086}}],"line":4},"75":{"loc":{"start":{"line":4,"column":8127},"end":{"line":4,"column":8163}},"type":"if","locations":[{"start":{"line":4,"column":8127},"end":{"line":4,"column":8163}},{"start":{"line":4,"column":8127},"end":{"line":4,"column":8163}}],"line":4},"76":{"loc":{"start":{"line":4,"column":8171},"end":{"line":4,"column":8378}},"type":"cond-expr","locations":[{"start":{"line":4,"column":8217},"end":{"line":4,"column":8234}},{"start":{"line":4,"column":8237},"end":{"line":4,"column":8378}}],"line":4},"77":{"loc":{"start":{"line":4,"column":8171},"end":{"line":4,"column":8214}},"type":"binary-expr","locations":[{"start":{"line":4,"column":8171},"end":{"line":4,"column":8189}},{"start":{"line":4,"column":8193},"end":{"line":4,"column":8214}}],"line":4},"78":{"loc":{"start":{"line":4,"column":8237},"end":{"line":4,"column":8378}},"type":"cond-expr","locations":[{"start":{"line":4,"column":8260},"end":{"line":4,"column":8331}},{"start":{"line":4,"column":8335},"end":{"line":4,"column":8378}}],"line":4},"79":{"loc":{"start":{"line":4,"column":8335},"end":{"line":4,"column":8378}},"type":"binary-expr","locations":[{"start":{"line":4,"column":8335},"end":{"line":4,"column":8354}},{"start":{"line":4,"column":8358},"end":{"line":4,"column":8359}},{"start":{"line":4,"column":8364},"end":{"line":4,"column":8377}}],"line":4},"80":{"loc":{"start":{"line":4,"column":8499},"end":{"line":4,"column":8591}},"type":"if","locations":[{"start":{"line":4,"column":8499},"end":{"line":4,"column":8591}},{"start":{"line":4,"column":8499},"end":{"line":4,"column":8591}}],"line":4},"81":{"loc":{"start":{"line":4,"column":8711},"end":{"line":4,"column":8827}},"type":"if","locations":[{"start":{"line":4,"column":8711},"end":{"line":4,"column":8827}},{"start":{"line":4,"column":8711},"end":{"line":4,"column":8827}}],"line":4},"82":{"loc":{"start":{"line":4,"column":8755},"end":{"line":4,"column":8815}},"type":"if","locations":[{"start":{"line":4,"column":8755},"end":{"line":4,"column":8815}},{"start":{"line":4,"column":8755},"end":{"line":4,"column":8815}}],"line":4},"83":{"loc":{"start":{"line":4,"column":8995},"end":{"line":4,"column":9035}},"type":"binary-expr","locations":[{"start":{"line":4,"column":8995},"end":{"line":4,"column":9017}},{"start":{"line":4,"column":9022},"end":{"line":4,"column":9034}}],"line":4},"84":{"loc":{"start":{"line":5,"column":176},"end":{"line":5,"column":263}},"type":"if","locations":[{"start":{"line":5,"column":176},"end":{"line":5,"column":263}},{"start":{"line":5,"column":176},"end":{"line":5,"column":263}}],"line":5},"85":{"loc":{"start":{"line":13,"column":16},"end":{"line":53,"column":7}},"type":"switch","locations":[{"start":{"line":14,"column":8},"end":{"line":23,"column":14}},{"start":{"line":24,"column":8},"end":{"line":33,"column":35}},{"start":{"line":34,"column":8},"end":{"line":42,"column":16}},{"start":{"line":43,"column":8},"end":{"line":49,"column":13}},{"start":{"line":50,"column":8},"end":{"line":50,"column":16}},{"start":{"line":51,"column":8},"end":{"line":52,"column":33}}],"line":13},"86":{"loc":{"start":{"line":17,"column":10},"end":{"line":20,"column":11}},"type":"if","locations":[{"start":{"line":17,"column":10},"end":{"line":20,"column":11}},{"start":{"line":17,"column":10},"end":{"line":20,"column":11}}],"line":17},"87":{"loc":{"start":{"line":64,"column":16},"end":{"line":87,"column":7}},"type":"switch","locations":[{"start":{"line":65,"column":8},"end":{"line":68,"column":34}},{"start":{"line":69,"column":8},"end":{"line":76,"column":16}},{"start":{"line":77,"column":8},"end":{"line":83,"column":13}},{"start":{"line":84,"column":8},"end":{"line":84,"column":16}},{"start":{"line":85,"column":8},"end":{"line":86,"column":34}}],"line":64}},"s":{"0":0,"1":0,"2":0,"3":1,"4":3,"5":1,"6":1,"7":1,"8":1,"9":0,"10":1,"11":1,"12":1,"13":1,"14":13,"15":1,"16":1,"17":0,"18":0,"19":2,"20":2,"21":2,"22":2,"23":4,"24":4,"25":0,"26":1,"27":1,"28":1,"29":1,"30":1,"31":1,"32":1,"33":1,"34":0,"35":1,"36":1,"37":1,"38":1,"39":2,"40":6,"41":4,"42":0,"43":0,"44":0,"45":0,"46":0,"47":0,"48":0,"49":0,"50":0,"51":0,"52":0,"53":0,"54":0,"55":0,"56":2,"57":2,"58":4,"59":0,"60":4,"61":0,"62":0,"63":0,"64":4,"65":4,"66":4,"67":0,"68":0,"69":0,"70":0,"71":0,"72":4,"73":4,"74":0,"75":0,"76":0,"77":0,"78":0,"79":4,"80":4,"81":4,"82":4,"83":0,"84":4,"85":0,"86":0,"87":0,"88":0,"89":0,"90":0,"91":0,"92":0,"93":0,"94":0,"95":2,"96":2,"97":4,"98":4,"99":2,"100":1,"101":1,"102":1,"103":1,"104":0,"105":0,"106":0,"107":0,"108":0,"109":0,"110":0,"111":0,"112":0,"113":0,"114":0,"115":1,"116":0,"117":0,"118":2,"119":0,"120":0,"121":0,"122":0,"123":0,"124":0,"125":0,"126":0,"127":0,"128":0,"129":0,"130":0,"131":0,"132":0,"133":0,"134":0,"135":0,"136":0,"137":2,"138":0,"139":0,"140":2,"141":2,"142":2,"143":0,"144":2,"145":0,"146":0,"147":0,"148":0,"149":0,"150":0,"151":0,"152":0,"153":0,"154":0,"155":0,"156":0,"157":0,"158":0,"159":0,"160":0,"161":0,"162":0,"163":0,"164":0,"165":0,"166":0,"167":0,"168":0,"169":0,"170":0,"171":0,"172":0,"173":0,"174":0,"175":0,"176":0,"177":0,"178":0,"179":0,"180":0,"181":0,"182":0,"183":0,"184":0,"185":0,"186":0,"187":0,"188":0,"189":0,"190":0,"191":0,"192":0,"193":0,"194":0,"195":0,"196":0,"197":0,"198":4,"199":4,"200":4,"201":0,"202":0,"203":4,"204":2,"205":2,"206":2,"207":2,"208":2,"209":2,"210":2,"211":4,"212":0,"213":2,"214":1,"215":1,"216":1,"217":1,"218":1,"219":2,"220":4,"221":1,"222":1,"223":1,"224":1,"225":1,"226":0,"227":1,"228":1,"229":1,"230":1,"231":1,"232":1,"233":1,"234":1,"235":0,"236":0,"237":0,"238":0,"239":1,"240":1,"241":1,"242":1,"243":1,"244":1,"245":2,"246":3,"247":1,"248":1,"249":1,"250":1,"251":1,"252":1,"253":1,"254":0,"255":0,"256":0,"257":0,"258":1,"259":1,"260":1},"f":{"0":0,"1":0,"2":0,"3":1,"4":3,"5":0,"6":13,"7":0,"8":2,"9":4,"10":0,"11":0,"12":0,"13":0,"14":2,"15":6,"16":4,"17":0,"18":0,"19":0,"20":0,"21":0,"22":0,"23":0,"24":0,"25":0,"26":2,"27":4,"28":0,"29":2,"30":4,"31":2,"32":1,"33":0,"34":0,"35":2,"36":0,"37":0,"38":0,"39":0,"40":0,"41":0,"42":0,"43":0,"44":2,"45":2,"46":0,"47":0,"48":0,"49":0,"50":0,"51":0,"52":0,"53":4,"54":2,"55":2,"56":2,"57":4,"58":0,"59":1,"60":1,"61":2,"62":1,"63":1,"64":1,"65":2,"66":1},"b":{"0":[0,0],"1":[0,0],"2":[0,0],"3":[0,0,0,0],"4":[1,0],"5":[1,0],"6":[1,0],"7":[1,0],"8":[1,0],"9":[2,0],"10":[2,2],"11":[2,0],"12":[1,1],"13":[1,1,1,1],"14":[0,0],"15":[0,0],"16":[0,0,0],"17":[0,0],"18":[0,4],"19":[0,4],"20":[0,0],"21":[0,4],"22":[0,0],"23":[0,0],"24":[4,0],"25":[0,0],"26":[0,0],"27":[0,0],"28":[4,0],"29":[0,4],"30":[2,2],"31":[0,0],"32":[0,0],"33":[0,0,0,0,0],"34":[0,0],"35":[0,0],"36":[0,0],"37":[0,0],"38":[2,2],"39":[2,0],"40":[4,4],"41":[1,0],"42":[1,0],"43":[1,0],"44":[0,0],"45":[0,0],"46":[0,0],"47":[0,0],"48":[0,0,0],"49":[0,0],"50":[2,0],"51":[0,0],"52":[0,0],"53":[0,0],"54":[0,0],"55":[0,2],"56":[0,0,0,0],"57":[0,2],"58":[0,0],"59":[0,0],"60":[0,0],"61":[0,0],"62":[0,0],"63":[0,0],"64":[0,0],"65":[0,0],"66":[0,0],"67":[0,0],"68":[0,0],"69":[0,0],"70":[0,0],"71":[0,0,0],"72":[0,0,0,0,0,0],"73":[0,0],"74":[0,0],"75":[0,0],"76":[0,0],"77":[0,0],"78":[0,0],"79":[0,0,0],"80":[0,0],"81":[0,0],"82":[0,0],"83":[0,0],"84":[2,2],"85":[1,1,1,0,1,1],"86":[1,0],"87":[1,1,0,1,1]},"inputSourceMap":{"version":3,"names":["_regeneratorRuntime","e","t","r","Object","prototype","n","hasOwnProperty","o","defineProperty","value","i","Symbol","a","iterator","c","asyncIterator","u","toStringTag","define","enumerable","configurable","writable","wrap","Generator","create","Context","makeInvokeMethod","tryCatch","type","arg","call","h","l","f","s","y","GeneratorFunction","GeneratorFunctionPrototype","p","d","getPrototypeOf","v","values","g","defineIteratorMethods","forEach","_invoke","AsyncIterator","invoke","_typeof","resolve","__await","then","callInvokeWithMethodAndArg","Error","done","method","delegate","maybeInvokeDelegate","sent","_sent","dispatchException","abrupt","TypeError","resultName","next","nextLoc","pushTryEntry","tryLoc","catchLoc","finallyLoc","afterLoc","tryEntries","push","resetTryEntry","completion","reset","isNaN","length","displayName","isGeneratorFunction","constructor","name","mark","setPrototypeOf","__proto__","awrap","async","Promise","keys","reverse","pop","prev","charAt","slice","stop","rval","handle","complete","finish","_catch","delegateYield","asyncGeneratorStep","gen","reject","_next","_throw","key","info","error","_asyncToGenerator","fn","self","args","arguments","apply","err","undefined","catchAsyncErrors","require","ContactUs","exports","createMessage","_ref","_callee","req","res","message","user","newMessage","savedMessage","_callee$","_context","body","status","json","_id","email","save","success","data","t0","console","_x","_x2","_x3","getAllMessages","_ref2","_callee2","messages","_callee2$","_context2","find","_x4","_x5","_x6"],"sourceRoot":"C:\\Users\\DHIRAJ\\Downloads\\rentAll\\rentAll-1-21\\backend\\controllers\\","sources":["contactUsControler.js"],"sourcesContent":["const catchAsyncErrors = require(\"../middleware/catchAsyncErrors\");\r\nconst ContactUs = require(\"../models/contactUsModel\");\r\n\r\nexports.createMessage = catchAsyncErrors(async (req, res, next) => {\r\n  const { message } = req.body;\r\n  const { user } = req;\r\n  if (!message) {\r\n    return res.status(400).json({ error: \"Message is a required field.\" });\r\n  }\r\n  try {\r\n    const newMessage = new ContactUs({\r\n      user: user._id,\r\n      name: user.name,\r\n      email: user.email,\r\n      message,\r\n    });\r\n    const savedMessage = await newMessage.save();\r\n    res.status(201).json({\r\n      success: true,\r\n      message: \"Message created successfully.\",\r\n      data: savedMessage,\r\n    });\r\n  } catch (error) {\r\n    console.error(\"Error creating message:\", error);\r\n    res.status(500).json({\r\n      error: \"Internal Server Error\",\r\n    });\r\n  }\r\n});\r\nexports.getAllMessages = catchAsyncErrors(async (req, res, next) => {\r\n  try {\r\n    const messages = await ContactUs.find();\r\n    res.status(200).json({\r\n      success: true,\r\n      data: messages,\r\n    });\r\n  } catch (error) {\r\n    console.error(\"Error fetching messages:\", error);\
[...]
],"4":[1,0],"5":[1,0],"6":[1,0],"7":[1,0],"8":[1,0],"9":[0,0],"10":[0,0],"11":[0,0],"12":[1,1],"13":[1,1,1,1],"14":[0,0],"15":[0,0],"16":[0,0,0],"17":[0,0],"18":[0,0],"19":[0,0],"20":[0,0],"21":[0,0],"22":[0,0],"23":[0,0],"24":[0,0],"25":[0,0],"26":[0,0],"27":[0,0],"28":[0,0],"29":[0,0],"30":[0,0],"31":[0,0],"32":[0,0],"33":[0,0,0,0,0],"34":[0,0],"35":[0,0],"36":[0,0],"37":[0,0],"38":[0,0],"39":[0,0],"40":[0,0],"41":[1,0],"42":[1,0],"43":[1,0],"44":[0,0],"45":[0,0],"46":[0,0],"47":[0,0],"48":[0,0,0],"49":[0,0],"50":[2,0],"51":[0,0],"52":[0,0],"53":[0,0],"54":[0,0],"55":[0,0],"56":[0,0,0,0],"57":[0,0],"58":[0,0],"59":[0,0],"60":[0,0],"61":[0,0],"62":[0,0],"63":[0,0],"64":[0,0],"65":[0,0],"66":[0,0],"67":[0,0],"68":[0,0],"69":[0,0],"70":[0,0],"71":[0,0,0],"72":[0,0,0,0,0,0],"73":[0,0],"74":[0,0],"75":[0,0],"76":[0,0],"77":[0,0],"78":[0,0],"79":[0,0,0],"80":[0,0],"81":[0,0],"82":[0,0],"83":[0,0],"84":[0,0],"85":[0,0,0,0],"86":[0,0],"87":[0,0,0,0]},"inputSourceMap":{"version":3,"names":["_regeneratorRuntime","e","t","r","Object","prototype","n","hasOwnProperty","o","defineProperty","value","i","Symbol","a","iterator","c","asyncIterator","u","toStringTag","define","enumerable","configurable","writable","wrap","Generator","create","Context","makeInvokeMethod","tryCatch","type","arg","call","h","l","f","s","y","GeneratorFunction","GeneratorFunctionPrototype","p","d","getPrototypeOf","v","values","g","defineIteratorMethods","forEach","_invoke","AsyncIterator","invoke","_typeof","resolve","__await","then","callInvokeWithMethodAndArg","Error","done","method","delegate","maybeInvokeDelegate","sent","_sent","dispatchException","abrupt","TypeError","resultName","next","nextLoc","pushTryEntry","tryLoc","catchLoc","finallyLoc","afterLoc","tryEntries","push","resetTryEntry","completion","reset","isNaN","length","displayName","isGeneratorFunction","constructor","name","mark","setPrototypeOf","__proto__","awrap","async","Promise","keys","reverse","pop","prev","charAt","slice","stop","rval","handle","complete","finish","_catch","delegateYield","asyncGeneratorStep","gen","reject","_next","_throw","key","info","error","_asyncToGenerator","fn","self","args","arguments","apply","err","undefined","mongoose","require","validator","bcrypt","jwt","crypto","userSchema","Schema","String","required","maxLength","minLength","email","unique","validate","isEmail","password","select","avatar","public_id","url","verificationToken","verified","Boolean","role","resetPasswordToken","resetPasswordExpire","Date","pre","_ref","_callee","_callee$","_context","isModified","hash","_x","methods","getJWTToken","sign","id","_id","process","env","JWT_SECRET","expiresIn","JWT_EXPIRE","comparePassword","_ref2","_callee2","enteredPassword","_callee2$","_context2","compare","_x2","getResetPasswordToken","resetToken","randomBytes","toString","createHash","update","digest","now","module","exports","model"],"sourceRoot":"C:\\Users\\DHIRAJ\\Downloads\\rentAll\\rentAll-1-21\\backend\\models\\","sources":["userModel.js"],"sourcesContent":["const mongoose = require(\"mongoose\")\r\nconst validator = require(\"validator\")\r\nconst bcrypt = require(\"bcryptjs\")\r\nconst jwt = require(\"jsonwebtoken\")\r\nconst crypto = require(\"crypto\")\r\n\r\nconst userSchema = mongoose.Schema({\r\n    name: {\r\n        type: String,\r\n        required: [true, \"Please Enter your name\"],\r\n        maxLength: [30, \"Name cannot excced 30 character\"],\r\n        minLength: [4, \"Name should have atleast 4 character\"]\r\n    },\r\n    email: {\r\n        type: String,\r\n        required: [true, \"Please Enter your Email\"],\r\n        unique: [true, \"email Id already registerd\"],\r\n        validate: [validator.isEmail, \"Please Enter a valid email\"],\r\n\r\n    },\r\n    password: {\r\n        type: String,\r\n        required: [true, \"Please Enter your Password\"],\r\n        minLength: [8, \"password should have 8 character minimum\"],\r\n        select: false,\r\n    },\r\n    avatar: {\r\n        public_id: {\r\n            type: String,\r\n            required: true\r\n        },\r\n        url: {\r\n            type: String,\r\n            required: true\r\n        }\r\n    },\r\n    verificationToken: String,\r\n    verified: {\r\n        type: Boolean,\r\n        default: false,\r\n    },\r\n    role: {\r\n        type: String,\r\n        default: \"user\"\r\n    },\r\n    resetPasswordToken: String,\r\n    resetPasswordExpire: Date,\r\n});\r\n\r\nuserSchema.pre('save', async function (next) {\r\n    if (!this.isModified(\"password\")) {\r\n        next();\r\n    }\r\n    this.password = await bcrypt.hash(this.password, 10)\r\n})\r\n\r\n// JWT TOKEN\r\nuserSchema.methods.getJWTToken = function () {\r\n    return jwt.sign({ id: this._id }, process.env.JWT_SECRET, {\r\n        expiresIn: process.env.JWT_EXPIRE,\r\n    })\r\n}\r\n\r\n//Compare Password\r\nuserSchema.methods.comparePassword = async function (enteredPassword) {\r\n    return await bcrypt.compare(enteredPassword, this.password)\r\n\r\n}\r\n\r\n// GEneratiing Password reseting token\r\nuserSchema.methods.getResetPasswordToken = function () {\r\n    // generating token\r\n    const resetToken = crypto.randomBytes(20).toString(\"hex\");\r\n\r\n    // hashing and add to userSchema\r\n    this.resetPasswordToken = crypto\r\n        .createHash(\"sha256\")\r\n        .update(resetToken)\r\n        .digest(\"hex\");\r\n\r\n    this.resetPasswordExpire = Date.now() + 15 * 60 * 1000;\r\n    return resetToken;\r\n}\r\n\r\n\r\nmodule.exports = mongoose.model(\"User\", userSchema);\r\n"],"mappings":";;;+CACA,qJAAAA,mBAAA,YAAAA,oBAAA,WAAAC,CAAA,SAAAC,CAAA,EAAAD,CAAA,OAAAE,CAAA,GAAAC,MAAA,CAAAC,SAAA,EAAAC,CAAA,GAAAH,CAAA,CAAAI,cAAA,EAAAC,CAAA,GAAAJ,MAAA,CAAAK,cAAA,cAAAP,CAAA,EAAAD,CAAA,EAAAE,CAAA,IAAAD,CAAA,CAAAD,CAAA,IAAAE,CAAA,CAAAO,KAAA,KAAAC,CAAA,wBAAAC,MAAA,GAAAA,MAAA,OAAAC,CAAA,GAAAF,CAAA,CAAAG,QAAA,kBAAAC,CAAA,GAAAJ,CAAA,CAAAK,aAAA,uBAAAC,CAAA,GAAAN,CAAA,CAAAO,WAAA,8BAAAC,OAAAjB,CAAA,EAAAD,CAAA,EAAAE,CAAA,WAAAC,MAAA,CAAAK,cAAA,CAAAP,CAAA,EAAAD,CAAA,IAAAS,KAAA,EAAAP,CAAA,EAAAiB,UAAA,MAAAC,YAAA,MAAAC,QAAA,SAAApB,CAAA,CAAAD,CAAA,WAAAkB,MAAA,mBAAAjB,CAAA,IAAAiB,MAAA,YAAAA,OAAAjB,CAAA,EAAAD,CAAA,EAAAE,CAAA,WAAAD,CAAA,CAAAD,CAAA,IAAAE,CAAA,gBAAAoB,KAAArB,CAAA,EAAAD,CAAA,EAAAE,CAAA,EAAAG,CAAA,QAAAK,CAAA,GAAAV,CAAA,IAAAA,CAAA,CAAAI,SAAA,YAAAmB,SAAA,GAAAvB,CAAA,GAAAuB,SAAA,EAAAX,CAAA,GAAAT,MAAA,CAAAqB,MAAA,CAAAd,CAAA,CAAAN,SAAA,GAAAU,CAAA,OAAAW,OAAA,CAAApB,CAAA,gBAAAE,CAAA,CAAAK,CAAA,eAAAH,KAAA,EAAAiB,gBAAA,CAAAzB,CAAA,EAAAC,CAAA,EAAAY,CAAA,MAAAF,CAAA,aAAAe,SAAA1B,CAAA,EAAAD,CAAA,EAAAE,CAAA,mBAAA0B,IAAA,YAAAC,GAAA,EAAA5B,CAAA,CAAA6B,IAAA,CAAA9B,CAAA,EAAAE,CAAA,cAAAD,CAAA,aAAA2B,IAAA,WAAAC,GAAA,EAAA5B,CAAA,QAAAD,CAAA,CAAAsB,IAAA,GAAAA,IAAA,MAAAS,CAAA,qBAAAC,CAAA,qBAAAC,CAAA,gBAAAC,CAAA,gBAAAC,CAAA,gBAAAZ,UAAA,cAAAa,kBAAA,cAAAC,2BAAA,SAAAC,CAAA,OAAApB,MAAA,CAAAoB,CAAA,EAAA1B,CAAA,qCAAA2B,CAAA,GAAApC,MAAA,CAAAqC,cAAA,EAAAC,CAAA,GAAAF,CAAA,IAAAA,CAAA,CAAAA,CAAA,CAAAG,MAAA,QAAAD,CAAA,IAAAA,CAAA,KAAAvC,CAAA,IAAAG,CAAA,CAAAyB,IAAA,CAAAW,CAAA,EAAA7B,CAAA,MAAA0B,CAAA,GAAAG,CAAA,OAAAE,CAAA,GAAAN,0BAAA,CAAAjC,SAAA,GAAAmB,SAAA,CAAAnB,SAAA,GAAAD,MAAA,CAAAqB,MAAA,CAAAc,CAAA,YAAAM,sBAAA3C,CAAA,gCAAA4C,OAAA,WAAA7C,CAAA,IAAAkB,MAAA,CAAAjB,CAAA,EAAAD,CAAA,YAAAC,CAAA,gBAAA6C,OAAA,CAAA9C,CAAA,EAAAC,CAAA,sBAAA8C,cAAA9C,CAAA,EAAAD,CAAA,aAAAgD,OAAA9C,CAAA,EAAAK,CAAA,EAAAG,CAAA,EAAAE,CAAA,QAAAE,CAAA,GAAAa,QAAA,CAAA1B,CAAA,CAAAC,CAAA,GAAAD,CAAA,EAAAM,CAAA,mBAAAO,CAAA,CAAAc,IAAA,QAAAZ,CAAA,GAAAF,CAAA,CAAAe,GAAA,EAAAE,CAAA,GAAAf,CAAA,CAAAP,KAAA,SAAAsB,CAAA,gBAAAkB,OAAA,CAAAlB,CAAA,KAAA1B,CAAA,CAAAyB,IAAA,CAAAC,CAAA,eAAA/B,CAAA,CAAAkD,OAAA,CAAAnB,CAAA,CAAAoB,OAAA,EAAAC,IAAA,WAAAnD,CAAA,IAAA+C,MAAA,SAAA/C,CAAA,EAAAS,CAAA,EAAAE,CAAA,gBAAAX,CAAA,IAAA+C,MAAA,UAAA/C,CAAA,EAAAS,CAAA,EAAAE,CAAA,QAAAZ,CAAA,CAAAkD,OAAA,CAAAnB,CAAA,EAAAqB,IAAA,WAAAnD,CAAA,IAAAe,CAAA,CAAAP,KAAA,GAAAR,CAAA,EAAAS,CAAA,CAAAM,CAAA,gBAAAf,CAAA,WAAA+C,MAAA,UAAA/C,CAAA,EAAAS,CAAA,EAAAE,CAAA,SAAAA,CAAA,CAAAE,CAAA,CAAAe,GAAA,SAAA3B,CAAA,EAAAK,CAAA,oBAAAE,KAAA,WAAAA,MAAAR,CAAA,EAAAI,CAAA,aAAAgD,2BAAA,eAAArD,CAAA,WAAAA,CAAA,EAAAE,CAAA,IAAA8C,MAAA,CAAA/C,CAAA,EAAAI,CAAA,EAAAL,CAAA,EAAAE,CAAA,gBAAAA,CAAA,GAAAA,CAAA,GAAAA,CAAA,CAAAkD,IAAA,CAAAC,0BAAA,EAAAA,0BAAA,IAAAA,0BAAA,qBAAA3B,iBAAA1B,CAAA,EAAAE,CAAA,EAAAG,CAAA,QAAAE,CAAA,GAAAwB,CAAA,mBAAArB,CAAA,EAAAE,CAAA,QAAAL,CAAA,KAAA0B,CAAA,QAAAqB,KAAA,sCAAA/C,CAAA,KAAA2B,CAAA,oBAAAxB,CAAA,QAAAE,CAAA,WAAAH,KAAA,EAAAR,CAAA,EAAAsD,IAAA,eAAAlD,CAAA,CAAAmD,MAAA,GAAA9C,CAAA,EAAAL,CAAA,CAAAwB,GAAA,GAAAjB,CAAA,UAAAE,CAAA,GAAAT,CAAA,CAAAoD,QAAA,MAAA3C,CAAA,QAAAE,CAAA,GAAA0C,mBAAA,CAAA5C,CAAA,EAAAT,CAAA,OAAAW,CAAA,QAAAA,CAAA,KAAAmB,CAAA,mBAAAnB,CAAA,qBAAAX,CAAA,CAAAmD,MAAA,EAAAnD,CAAA,CAAAsD,IAAA,GAAAtD,CAAA,CAAAuD,KAAA,GAAAvD,CAAA,CAAAwB,GAAA,sBAAAxB,CAAA,CAAAmD,MAAA,QAAAjD,CAAA,KAAAwB,CAAA,QAAAxB,CAAA,GAAA2B,CAAA,EAAA7B,CAAA,CAAAwB,GAAA,EAAAxB,CAAA,CAAAwD,iBAAA,CAAAxD,CAAA,CAAAwB,GAAA,uBAAAxB,CAAA,CAAAmD,MAAA,IAAAnD,CAAA,CAAAyD,MAAA,WAAAzD,CAAA,CAAAwB,GAAA,GAAAtB,CAAA,GAAA0B,CAAA,MAAAK,CAAA,GAAAX,QAAA,CAAA3B,CAAA,EAAAE,CAAA,EAAAG,CAAA,oBAAAiC,CAAA,CAAAV,IAAA,QAAArB,CAAA,GAAAF,CAAA,CAAAkD,IAAA,GAAArB,CAAA,GAAAF,CAAA,EAAAM,CAAA,CAAAT,GAAA,KAAAM,CAAA,qBAAA1B,KAAA,EAAA6B,CAAA,CAAAT,GAAA,EAAA0B,IAAA,EAAAlD,CAAA,CAAAkD,IAAA,kBAAAjB,CAAA,CAAAV,IAAA,KAAArB,CAAA,GAAA2B,CAAA,EAAA7B,CAAA,CAAAmD,MAAA,YAAAnD,CAAA,CAAAwB,GAAA,GAAAS,CAAA,CAAAT,GAAA,mBAAA6B,oBAAA1D,CAAA,EAAAE,CAAA,QAAAG,CAAA,GAAAH,CAAA,CAAAsD,MAAA,EAAAjD,CAAA,GAAAP,CAAA,CAAAa,QAAA,CAAAR,CAAA,OAAAE,CAAA,KAAAN,CAAA,SAAAC,CAAA,CAAAuD,QAAA,qBAAApD,CAAA,IAAAL,CAAA,CAAAa,QAAA,eAAAX,CAAA,CAAAsD,MAAA,aAAAtD,CAAA,CAAA2B,GAAA,GAAA5B,CAAA,EAAAyD,mBAAA,CAAA1D,CAAA,EAAAE,CAAA,eAAAA,CAAA,CAAAsD,MAAA,kBAAAnD,CAAA,KAAAH,CAAA,CAAAsD,MAAA,YAAAtD,CAAA,CAAA2B,GAAA,OAAAkC,SAAA,uCAAA1D,CAAA,iBAAA8B,CAAA,MAAAzB,CAAA,GAAAiB,QAAA,CAAApB,CAAA,EAAAP,CAAA,CAAAa,QAAA,EAAAX,CAAA,CAAA2B,GAAA,mBAAAnB,CAAA,CAAAkB,IAAA,SAAA1B,CAAA,CAAAsD,MAAA,YAAAtD,CAAA,CAAA2B,GAAA,GAAAnB,CAAA,CAAAmB,GAAA,EAAA3B,CAAA,CAAAuD,QAAA,SAAAtB,CAAA,MAAAvB,CAAA,GAAAF,CAAA,CAAAmB,GAAA,SAAAjB,CAAA,GAAAA,CAAA,CAAA2C,IAAA,IAAArD,CAAA,CAAAF,CAAA,CAAAgE,UAAA,IAAApD,CAAA,CAAAH,KAAA,EAAAP,CAAA,CAAA+D,IAAA,GAAAjE,CAAA,CAAAkE,OAAA,eAAAhE,CAAA,CAAAsD,MAAA,KAAAtD,CAAA,CAAAsD,MAAA,WAAAtD,CAAA,CAAA2B,GAAA,GAAA5B,CAAA,GAAAC,CAAA,CAAAuD,QAAA,SAAAtB,CAAA,IAAAvB,CAAA,IAAAV,CAAA,CAAAsD,MAAA,YAAAtD,CAAA,CAAA2B,GAAA,OAAAkC,SAAA,sCAAA7D,CAAA,CAAAuD,QAAA,SAAAtB,CAAA,cAAAgC,aAAAlE,CAAA,QAAAD,CAAA,KAAAoE,MAAA,EAAAnE,CAAA,YAAAA,CAAA,KAAAD,CAAA,CAAAqE,QAAA,GAAApE,CAAA,WAAAA,CAAA,KAAAD,CAAA,CAAAsE,UAAA,GAAArE,CAAA,KAAAD,CAAA,CAAAuE,QAAA,GAAAtE,CAAA,WAAAuE,UAAA,CAAAC,IAAA,CAAAzE,CAAA,cAAA0E,cAAAzE,CAAA,QAAAD,CAAA,GAAAC,CAAA,CAAA0E,UAAA,QAAA3E,CAAA,CAAA4B,IAAA,oBAAA5B,CAAA,CAAA6B,GAAA,EAAA5B,CAAA,CAAA0E,UAAA,GAAA3E,CAAA,aAAAyB,QAAAxB,CAAA,SAAAuE,UAAA,MAAAJ,MAAA,aAAAnE,CAAA,CAAA4C,OAAA,CAAAsB,YAAA,cAAAS,KAAA,iBAAAlC,OAAA1C,CAAA,QAAAA,CAAA,WAAAA,CAAA,QAAAE,CAAA,GAAAF,CAAA,CAAAY,CAAA,OAAAV,CAAA,SAAAA,CAAA,CAAA4B,IAAA,CAAA9B,CAAA,4BAAAA,CAAA,CAAAiE,IAAA,SAAAjE,CAAA,OAAA6E,KAAA,CAAA7E,CAAA,CAAA8E,MAAA,SAAAvE,CAAA,OAAAG,CAAA,YAAAuD,KAAA,aAAA1D,CAAA,GAAAP,CAAA,CAAA8E,MAAA,OAAAzE,CAAA,CAAAyB,IAAA,CAAA9B,CAAA,EAAAO,CAAA,UAAA0D,IAAA,CAAAxD,KAAA,GAAAT,CAAA,CAAAO,CAAA,GAAA0D,IAAA,CAAAV,IAAA,OAAAU,IAAA,SAAAA,IAAA,CAAAxD,KAAA,GAAAR,CAAA,EAAAgE,IAAA,CAAAV,IAAA,OAAAU,IAAA,YAAAvD,CAAA,CAAAuD,IAAA,GAAAvD,CAAA,gBAAAqD,SAAA,CAAAd,OAAA,CAAAjD,CAAA,kCAAAoC,iBAAA,CAAAhC,SAAA,GAAAiC,0BAAA,EAAA9B,CAAA,CAAAoC,CAAA,mBAAAlC,KAAA,EAAA4B,0BAAA,EAAAjB,YAAA,SAAAb,CAAA,CAAA8B,0BAAA,mBAAA5B,KAAA,EAAA2B,iBAAA,EAAAhB,YAAA,SAAAgB,iBAAA,CAAA2C,WAAA,GAAA7D,MAAA,CAAAmB,0BAAA,EAAArB,CAAA,wBAAAhB,CAAA,CAAAgF,mBAAA,aAAA/E,CAAA,QAAAD,CAAA,wBAAAC,CAAA,IAAAA,CAAA,CAAAgF,WAAA,WAAAjF,CAAA,KAAAA,CAAA,KAAAoC,iBAAA,6BAAApC,CAAA,CAAA+E,WAAA,IAAA/E,CAAA,CAAAkF,IAAA,OAAAlF,CAAA,CAAAmF,IAAA,aAAAlF,CAAA,WAAAE,MAAA,CAAAiF,cAAA,GAAAjF,MAAA,CAAAiF,cAAA,CAAAnF,CAAA,EAAAoC,0BAAA,KAAApC,CAAA,CAAAoF,SAAA,GAAAhD,0BAAA,EAAAnB,MAAA,CAAAjB,CAAA,EAAAe,CAAA,yBAAAf,CAAA,CAAAG,SAAA,GAAAD,MAAA,CAAAqB,MAAA,CAAAmB,CAAA,GAAA1C,CAAA,KAAAD,CAAA,CAAAsF,KAAA,aAAArF,CAAA,aAAAkD,OAAA,EAAAlD,CAAA,OAAA2C,qBAAA,CAAAG,aAAA,CAAA3C,SAAA,GAAAc,MAAA,CAAA6B,aAAA,CAAA3C,SAAA,EAAAU,CAAA,iCAAAd,CAAA,CAAA+C,aAAA,GAAAA,aAAA,EAAA/C,CAAA,CAAAuF,KAAA,aAAAtF,CAAA,EAAAC,CAAA,EAAAG,CAAA,EAAAE,CAAA,EAAAG,CAAA,eAAAA,CAAA,KAAAA,CAAA,GAAA8E,OAAA,OAAA5E,CAAA,OAAAmC,aAAA,CAAAzB,IAAA,CAAArB,CAAA,EAAAC,CAAA,EAAAG,CAAA,EAAAE,CAAA,GAAAG,CAAA,UAAAV,CAAA,CAAAgF,mBAAA,CAAA9E,CAAA,IAAAU,CAAA,GAAAA,CAAA,CAAAqD,IAAA,GAAAb,IAAA,WAAAnD,CAAA,WAAAA,CAAA,CAAAsD,IAAA,GAAAtD,CAAA,CAAAQ,KAAA,GAAAG,CAAA,CAAAqD,IAAA,WAAArB,qBAAA,CAAAD,CAAA,GAAAzB,MAAA,CAAAyB,CAAA,EAAA3B,CAAA,gBAAAE,MAAA,CAAAyB,CAAA,EAAA/B,CAAA,iCAAAM,MAAA,CAAAyB,CAAA,6DAAA3C,CAAA,CAAAyF,IAAA,aAAAxF,CAAA,QAAAD,CAAA,GAAAG,MAAA,CAAAF,CAAA,GAAAC,CAAA,gBAAAG,CAAA,IAAAL,CAAA,EAAAE,CAAA,CAAAuE,IAAA,CAAApE,CAAA,UAAAH,CAAA,CAAAwF,OAAA,aAAAzB,KAAA,WAAA/D,CAAA,CAAA4E,MAAA,SAAA7E,CAAA,GAAAC,CAAA,CAAAyF,GAAA,QAAA1F,CAAA,IAAAD,CAAA,SAAAiE,IAAA,CAAAxD,KAAA,GAAAR,CAAA,EAAAgE,IAAA,CAAAV,IAAA,OAAAU,IAAA,WAAAA,IAAA,CAAAV,IAAA,OAAAU,IAAA,QAAAjE,CAAA,CAAA0C,MAAA,GAAAA,MAAA,EAAAjB,OAAA,CAAArB,SAAA,KAAA6E,WAAA,EAAAxD,OAAA,EAAAmD,KAAA,WAAAA,MAAA5E,CAAA,aAAA4F,IAAA,WAAA3B,IAAA,WAAAN,IAAA,QAAAC,KAAA,GAAA3D,CAAA,OAAAsD,IAAA,YAAAE,QAAA,cAAAD,MAAA,gBAAA3B,GAAA,GAAA5B,CAAA,OAAAuE,UAAA,CAAA3B,OAAA,CAAA6B,aAAA,IAAA1E,CAAA,WAAAE,CAAA,kBAAAA,CAAA,CAAA2F,MAAA,OAAAxF,CAAA,CAAAyB,IAAA,OAAA5B,CAAA,MAAA2E,KAAA,EAAA3E,CAAA,CAAA4F,KAAA,cAAA5F,CAAA,IAAAD,CAAA,MAAA8F,IAAA,WAAAA,KAAA,SAAAxC,IAAA,WAAAtD,CAAA,QAAAuE,UAAA,IAAAG,UAAA,kBAAA1E,CAAA,CAAA2B,IAAA,QAAA3B,CAAA,CAAA4B,GAAA,cAAAmE,IAAA,KAAAnC,iBAAA,WAAAA,kBAAA7D,CAAA,aAAAuD,IAAA,QAAAvD,CAAA,MAAAE,CAAA,kBAAA+F,OAAA5F,CAAA,EAAAE,CAAA,WAAAK,CAAA,CAAAgB,IAAA,YAAAhB,CAAA,CAAAiB,GAAA,GAAA7B,CAAA,EAAAE,CAAA,CAAA+D,IAAA,GAAA5D,CAAA,EAAAE,CAAA,KAAAL,CAAA,CAAAsD,MAAA,WAAAtD,CAAA,CAAA2B,GAAA,GAAA5B,CAAA,KAAAM,CAAA,aAAAA,CAAA,QAAAiE,UAAA,CAAAM,MAAA,MAAAvE,CAAA,SAAAA,CAAA,QAAAG,CAAA,QAAA8D,UAAA,CAAAjE,CAAA,GAAAK,CAAA,GAAAF,CAAA,CAAAiE,UAAA,iBAAAjE,CAAA,CAAA0D,MAAA,SAAA6B,MAAA,aAAAvF,CAAA,CAAA0D,MAAA,SAAAwB,IAAA,QAAA9E,CAAA,GAAAT,CAAA,CAAAyB,IAAA,CAAApB,CAAA,eAAAM,CAAA,GAAAX,CAAA,CAAAyB,IAAA,CAAApB,CAAA,qBAAAI,CAAA,IAAAE,CAAA,aAAA4E,IAAA,GAAAlF,CAAA,CAAA2D,QAAA,SAAA4B,MAAA,CAAAvF,CAAA,CAAA2D,QAAA,gBAAAuB,IAAA,GAAAlF,CAAA,CAAA4D,UAAA,SAAA2B,MAAA,CAAAvF,CAAA,CAAA4D,UAAA,cAAAxD,CAAA,aAAA8E,IAAA,GAAAlF,CAAA,CAAA2D,QAAA,SAAA4B,MAAA,CAAAvF,CAAA,CAAA2D,QAAA,qBAAArD,CAAA,QAAAsC,KAAA,qDAAAsC,IAAA,GAAAlF,CAAA,CAAA4D,UAAA,SAAA2B,MAAA,CAAAvF,CAAA,CAAA4D,UAAA,YAAAR,MAAA,WAAAA,OAAA7D,CAAA,EAAAD,CAAA,aAAAE,CAAA,QAAAsE,UAAA,CAAAM,MAAA,MAAA5E,CAAA,SAAAA,CAAA,QAAAK,CAAA,QAAAiE,UAAA,CAAAtE,CAAA,OAAAK,CAAA,CAAA6D,MAAA,SAAAwB,IAAA,IAAAvF,CAAA,CAAAyB,IAAA,CAAAvB,CAAA,wBAAAqF,IAAA,GAAArF,CAAA,CAAA+D,UAAA,QAAA5D,CAAA,GAAAH,CAAA,aAAAG,CAAA,iBAAAT,CAAA,mBAAAA,CAAA,KAAAS,CAAA,CAAA0D,MAAA,IAAApE,CAAA,IAAAA,CAAA,IAAAU,CAAA,CAAA4D,UAAA,KAAA5D,CAAA,cAAAE,CAAA,GAAAF,CAAA,GAAAA,CAAA,CAAAiE,UAAA,cAAA/D,CAAA,CAAAgB,IAAA,GAAA3B,CAAA,EAAAW,CAAA,CAAAiB,GAAA,GAAA7B,CAAA,EAAAU,CAAA,SAAA8C,MAAA,gBAAAS,IAAA,GAAAvD,CAAA,CAAA4D,UAAA,EAAAnC,CAAA,SAAA+D,QAAA,CAAAtF,CAAA,MAAAsF,QAAA,WAAAA,SAAAjG,CAAA,EAAAD,CAAA,oBAAAC,CAAA,CAAA2B,IAAA,QAAA3B,CAAA,CAAA4B,GAAA,qBAAA5B,CAAA,CAAA2B,IAAA,mBAAA3B,CAAA,CAAA2B,IAAA,QAAAqC,IAAA,GAAAhE,CAAA,CAAA4B,GAAA,gBAAA5B,CAAA,CAAA2B,IAAA,SAAAoE,IAAA,QAAAnE,GAAA,GAAA5B,CAAA,CAAA4B,GAAA,OAAA2B,MAAA,kBAAAS,IAAA,yBAAAhE,CAAA,CAAA2B,IAAA,IAAA5B,CAAA,UAAAiE,IAAA,GAAAjE,CAAA,GAAAmC,CAAA,KAAAgE,MAAA,WAAAA,OAAAlG,CAAA,aAAAD,CAAA,QAAAwE,UAAA,CAAAM,MAAA,MAAA9E,CAAA,SAAAA,CAAA,QAAAE,CAAA,QAAAsE,UAAA,CAAAxE,CAAA,OAAAE,CAAA,CAAAoE,UAAA,KAAArE,CAAA,cAAAiG,QAAA,CAAAhG,CAAA,CAAAyE,UAAA,EAAAzE,CAAA,CAAAqE,QAAA,GAAAG,aAAA,CAAAxE,CAAA,GAAAiC,CAAA,yBAAAiE,OAAAnG,CAAA,aAAAD,CAAA,QAAAwE,UAAA,CAAAM,MAAA,MAAA9E,CAAA,SAAAA,CAAA,QAAAE,CAAA,QAAAsE,UAAA,CAAAxE,CAAA,OAAAE,CAAA,CAAAkE,MAAA,KAAAnE,CAAA,QAAAI,CAAA,GAAAH,CAAA,CAAAyE,UAAA,kBAAAtE,CAAA,CAAAuB,IAAA,QAAArB,CAAA,GAAAF,CAAA,CAAAwB,GAAA,EAAA6C,aAAA,CAAAxE,CAAA,YAAAK,CAAA,YAAA+C,KAAA,8BAAA+C,aAAA,WAAAA,cAAArG,CAAA,EAAAE,CAAA,EAAAG,CAAA,gBAAAoD,QAAA,KAAA5C,QAAA,EAAA6B,MAAA,CAAA1C,CAAA,GAAAgE,UAAA,EAAA9D,CAAA,EAAAgE,OAAA,EAAA7D,CAAA,oBAAAmD,MAAA,UAAA3B,GAAA,GAAA5B,CAAA,GAAAkC,CAAA,OAAAnC,CAAA;AAAA,SAAAsG,mBAAAC,GAAA,EAAArD,OAAA,EAAAsD,MAAA,EAAAC,KAAA,EAAAC,MAAA,EAAAC,GAAA,EAAA9E,GAAA,cAAA+E,IAAA,GAAAL,GAAA,CAAAI,GAAA,EAAA9E,GAAA,OAAApB,KAAA,GAAAmG,IAAA,CAAAnG,KAAA,WAAAoG,KAAA,IAAAL,MAAA,CAAAK,KAAA,iBAAAD,IAAA,CAAArD,IAAA,IAAAL,OAAA,CAAAzC,KAAA,YAAA+E,OAAA,CAAAtC,OAAA,CAAAzC,KAAA,EAAA2C,IAAA,CAAAqD,KAAA,EAAAC,MAAA;AAAA,SAAAI,kBAAAC,EAAA,6BAAAC,IAAA,SAAAC,IAAA,GAAAC,SAAA,aAAA1B,OAAA,WAAAtC,OAAA,EAAAsD,MAAA,QAAAD,GAAA,GAAAQ,EAAA,CAAAI,KAAA,CAAAH,IAAA,EAAAC,IAAA,YAAAR,MAAAhG,KAAA,IAAA6F,kBAAA,CAAAC,GAAA,EAAArD,OAAA,EAAAsD,MAAA,EAAAC,KAAA,EAAAC,MAAA,UAAAjG,KAAA,cAAAiG,OAAAU,GAAA,IAAAd,kBAAA,CAAAC,GAAA,EAAArD,OAAA,EAAAsD,MAAA,EAAAC,KAAA,EAAAC,MAAA,WAAAU,GAAA,KAAAX,KAAA,CAAAY,SAAA;AADA,IAAMC,QAAQ,GAAGC,OAAO,CAAC,UAAU,CAAC;AACpC,IAAMC,SAAS,GAAGD,OAAO,CAAC,WAAW,CAAC;AACtC,IAAME,MAAM,GAAGF,OAAO,CAAC,UAAU,CAAC;AAClC,IAAMG,GAAG,GAAGH,OAAO,CAAC,cAAc,CAAC;AACnC,IAAMI,MAAM,GAAGJ,OAAO,CAAC,QAAQ,CAAC;AAEhC,IAAMK,UAAU,GAAGN,QAAQ,CAACO,MAAM,CAAC;EAC/B3C,IAAI,EAAE;IACFtD,IAAI,EAAEkG,MAAM;IACZC,QAAQ,EAAE,CAAC,IAAI,EAAE,wBAAwB,CAAC;IAC1CC,SAAS,EAAE,CAAC,EAAE,EAAE,iCAAiC,CAAC;IAClDC,SAAS,EAAE,CAAC,CAAC,EAAE,sCAAsC;EACzD,CAAC;EACDC,KAAK,EAAE;IACHtG,IAAI,EAAEkG,MAAM;IACZC,QAAQ,EAAE,CAAC,IAAI,EAAE,yBAAyB,CAAC;IAC3CI,MAAM,EAAE,CAAC,IAAI,EAAE,4BAA4B,CAAC;IAC5CC,QAAQ,EAAE,CAACZ,SAAS,CAACa,OAAO,EAAE,4BAA4B;EAE9D,CAAC;EACDC,QAAQ,EAAE;IACN1G,IAAI,EAAEkG,MAAM;IACZC,QAAQ,EAAE,CAAC,IAAI,EAAE,4BAA4B,CAAC;IAC9CE,SAAS,EAAE,CAAC,CAAC,EAAE,0CAA0C,CAAC;IAC1DM,MAAM,EAAE;EACZ,CAAC;EACDC,MAAM,EAAE;IACJC,SAAS,EAAE;MACP7G,IAAI,EAAEkG,MAAM;MACZC,QAAQ,EAAE;IACd,CAAC;IACDW,GAAG,EAAE;MACD9G,IAAI,EAAEkG,MAAM;MACZC,QAAQ,EAAE;IACd;EACJ,CAAC;EACDY,iBAAiB,EAAEb,MAAM;EACzBc,QAAQ,EAAE;IACNhH,IAAI,EAAEiH,OAAO;IACb,WAAS;EACb,CAAC;EACDC,IAAI,EAAE;IACFlH,IAAI,EAAEkG,MAAM;IACZ,WAAS;EACb,CAAC;EACDiB,kBAAkB,EAAEjB,MAAM;EAC1BkB,mBAAmB,EAAEC;AACzB,CAAC,CAAC;AAEFrB,UAAU,CAACsB,GAAG,CAAC,MAAM;EAAA,IAAAC,IAAA,GAAArC,iBAAA,eAAA/G,mBAAA,GAAAoF,IAAA,CAAE,SAAAiE,QAAgBnF,IAAI;IAAA,OAAAlE,mBAAA,GAAAuB,IAAA,UAAA+H,SAAAC,QAAA;MAAA,kBAAAA,QAAA,CAAA1D,IAAA,GAAA0D,QAAA,CAAArF,IAAA;QAAA;UACvC,IAAI,CAAC,IAAI,CAACsF,UAAU,CAAC,UAAU,CAAC,EAAE;YAC9BtF,IAAI,CAAC,CAAC;UACV;UAACqF,QAAA,CAAArF,IAAA;UAAA,OACqBwD,MAAM,CAAC+B,IAAI,CAAC,IAAI,CAAClB,QAAQ,EAAE,EAAE,CAAC;QAAA;UAApD,IAAI,CAACA,QAAQ,GAAAgB,QAAA,CAAA3F,IAAA;QAAA;QAAA;UAAA,OAAA2F,QAAA,CAAAvD,IAAA;MAAA;IAAA,GAAAqD,OAAA;EAAA,CAChB;EAAA,iBAAAK,EAAA;IAAA,OAAAN,IAAA,CAAAhC,KAAA,OAAAD,SAAA;EAAA;AAAA,IAAC;;AAEF;AACAU,UAAU,CAAC8B,OAAO,CAACC,WAAW,GAAG,YAAY;EACzC,OAAOjC,GAAG,CAACkC,IAAI,CAAC;IAAEC,EAAE,EAAE,IAAI,CAACC;EAAI,CAAC,EAAEC,OAAO,CAACC,GAAG,CAACC,UAAU,EAAE;IACtDC,SAAS,EAAEH,OAAO,CAACC,GAAG,CAACG;EAC3B,CAAC,CAAC;AACN,CAAC;;AAED;AACAvC,UAAU,CAAC8B,OAAO,CAACU,eAAe;EAAA,IAAAC,KAAA,GAAAvD,iBAAA,eAAA/G,mBAAA,GAAAoF,IAAA,CAAG,SAAAmF,SAAgBC,eAAe;IAAA,OAAAxK,mBAAA,GAAAuB,IAAA,UAAAkJ,UAAAC,SAAA;MAAA,kBAAAA,SAAA,CAAA7E,IAAA,GAAA6E,SAAA,CAAAxG,IAAA;QAAA;UAAAwG,SAAA,CAAAxG,IAAA;UAAA,OACnDwD,MAAM,CAACiD,OAAO,CAACH,eAAe,EAAE,IAAI,CAACjC,QAAQ,CAAC;QAAA;UAAA,OAAAmC,SAAA,CAAA3G,MAAA,WAAA2G,SAAA,CAAA9G,IAAA;QAAA;QAAA;UAAA,OAAA8G,SAAA,CAAA1E,IAAA;MAAA;IAAA,GAAAuE,QAAA;EAAA,CAE9D;EAAA,iBAAAK,GAAA;IAAA,OAAAN,KAAA,CAAAlD,KAAA,OAAAD,SAAA;EAAA;AAAA;;AAED;AACAU,UAAU,CAAC8B,OAAO,CAACkB,qBAAqB,GAAG,YAAY;EACnD;EACA,IAAMC,UAAU,GAAGlD,MAAM,CAACmD,WAAW,CAAC,EAAE,CAAC,CAACC,QAAQ,CAAC,KAAK,CAAC;;EAEzD;EACA,IAAI,CAAChC,kBAAkB,GAAGpB,MAAM,CAC3BqD,UAAU,CAAC,QAAQ,CAAC,CACpBC,MAAM,CAACJ,UAAU,CAAC,CAClBK,MAAM,CAAC,KAAK,CAAC;EAElB,IAAI,CAAClC,mBAAmB,GAAGC,IAAI,CAACkC,GAAG,CAAC,CAAC,GAAG,EAAE,GAAG,EAAE,GAAG,IAAI;EACtD,OAAON,UAAU;AACrB,CAAC;AAGDO,MAAM,CAACC,OAAO,GAAG/D,QAAQ,CAACgE,KAAK,CAAC,MAAM,EAAE1D,UAAU,CAAC","ignoreList":[]},"_coverageSchema":"1a1c01bbd47fc00a2c39e90264f33305004495a9","hash":"7baa1c065490b5f5e3794491edee6e1e4ec339bc","contentHash":"e8f6513d2bce690f4931bce5f0326a25ecc8cd6dca3dd8350ddfc96cd7806574"}}